2024-11-21 08:33:07.542 +05:30  INF  Executed DbCommand (24ms) [Parameters=[], CommandType='"Text"', CommandTimeout='30']
SELECT 1
2024-11-21 08:33:07.612 +05:30  INF  Executed DbCommand (16ms) [Parameters=[], CommandType='"Text"', CommandTimeout='30']
SELECT OBJECT_ID(N'[__EFMigrationsHistory]');
2024-11-21 08:33:07.615 +05:30  INF  Executed DbCommand (1ms) [Parameters=[], CommandType='"Text"', CommandTimeout='30']
SELECT 1
2024-11-21 08:33:07.616 +05:30  INF  Executed DbCommand (1ms) [Parameters=[], CommandType='"Text"', CommandTimeout='30']
SELECT OBJECT_ID(N'[__EFMigrationsHistory]');
2024-11-21 08:33:07.657 +05:30  INF  Executed DbCommand (13ms) [Parameters=[], CommandType='"Text"', CommandTimeout='30']
SELECT [MigrationId], [ProductVersion]
FROM [__EFMigrationsHistory]
ORDER BY [MigrationId];
2024-11-21 08:33:07.677 +05:30  INF  Applying migration '20241121030252_JWT'.
2024-11-21 08:33:07.830 +05:30  INF  Executed DbCommand (82ms) [Parameters=[], CommandType='"Text"', CommandTimeout='30']
DECLARE @var0 sysname;
SELECT @var0 = [d].[name]
FROM [sys].[default_constraints] [d]
INNER JOIN [sys].[columns] [c] ON [d].[parent_column_id] = [c].[column_id] AND [d].[parent_object_id] = [c].[object_id]
WHERE ([d].[parent_object_id] = OBJECT_ID(N'[Employees]') AND [c].[name] = N'Name');
IF @var0 IS NOT NULL EXEC(N'ALTER TABLE [Employees] DROP CONSTRAINT [' + @var0 + '];');
ALTER TABLE [Employees] ALTER COLUMN [Name] nvarchar(max) NULL;
2024-11-21 08:33:07.862 +05:30  INF  Executed DbCommand (31ms) [Parameters=[], CommandType='"Text"', CommandTimeout='30']
DECLARE @var1 sysname;
SELECT @var1 = [d].[name]
FROM [sys].[default_constraints] [d]
INNER JOIN [sys].[columns] [c] ON [d].[parent_column_id] = [c].[column_id] AND [d].[parent_object_id] = [c].[object_id]
WHERE ([d].[parent_object_id] = OBJECT_ID(N'[Employees]') AND [c].[name] = N'Gender');
IF @var1 IS NOT NULL EXEC(N'ALTER TABLE [Employees] DROP CONSTRAINT [' + @var1 + '];');
ALTER TABLE [Employees] ALTER COLUMN [Gender] nvarchar(max) NULL;
2024-11-21 08:33:07.886 +05:30  INF  Executed DbCommand (24ms) [Parameters=[], CommandType='"Text"', CommandTimeout='30']
DECLARE @var2 sysname;
SELECT @var2 = [d].[name]
FROM [sys].[default_constraints] [d]
INNER JOIN [sys].[columns] [c] ON [d].[parent_column_id] = [c].[column_id] AND [d].[parent_object_id] = [c].[object_id]
WHERE ([d].[parent_object_id] = OBJECT_ID(N'[Employees]') AND [c].[name] = N'Dept');
IF @var2 IS NOT NULL EXEC(N'ALTER TABLE [Employees] DROP CONSTRAINT [' + @var2 + '];');
ALTER TABLE [Employees] ALTER COLUMN [Dept] nvarchar(max) NULL;
2024-11-21 08:33:07.890 +05:30  INF  Executed DbCommand (3ms) [Parameters=[], CommandType='"Text"', CommandTimeout='30']
INSERT INTO [__EFMigrationsHistory] ([MigrationId], [ProductVersion])
VALUES (N'20241121030252_JWT', N'8.0.10');
