2024-12-20 14:50:24.473 +05:30  INF  Request starting HTTP/1.1 OPTIONS http://localhost:5002/api/Employee/GetAllEmployee - null null
2024-12-20 14:50:24.475 +05:30  INF  Request starting HTTP/1.1 OPTIONS http://localhost:5002/api/Employee/GetAllEmployee - null null
2024-12-20 14:50:24.501 +05:30  INF  CORS policy execution successful.
2024-12-20 14:50:24.501 +05:30  INF  CORS policy execution successful.
2024-12-20 14:50:24.501 +05:30  INF  Request finished HTTP/1.1 OPTIONS http://localhost:5002/api/Employee/GetAllEmployee - 204 null null 26.5533ms
2024-12-20 14:50:24.501 +05:30  INF  Request finished HTTP/1.1 OPTIONS http://localhost:5002/api/Employee/GetAllEmployee - 204 null null 58.9667ms
2024-12-20 14:50:24.505 +05:30  INF  Request starting HTTP/1.1 GET http://localhost:5002/api/Employee/GetAllEmployee - null null
2024-12-20 14:50:24.538 +05:30  INF  CORS policy execution successful.
2024-12-20 14:50:24.539 +05:30  INF  Executing endpoint 'SampleWebAPI_Task1.Controllers.EmployeeController.GetAllEmployee (SampleWebAPI_Task1)'
2024-12-20 14:50:24.540 +05:30  INF  Route matched with {action = "GetAllEmployee", controller = "Employee"}. Executing controller action with signature Microsoft.AspNetCore.Mvc.IActionResult GetAllEmployee() on controller SampleWebAPI_Task1.Controllers.EmployeeController (SampleWebAPI_Task1).
2024-12-20 14:50:24.701 +05:30  INF  Executed DbCommand (17ms) [Parameters=[], CommandType='"Text"', CommandTimeout='30']
SELECT [e].[EmployeeID], [e].[Dept], [e].[Gender], [e].[Name]
FROM [Employees] AS [e]
2024-12-20 14:50:24.702 +05:30  INF  Executing OkObjectResult, writing value of type 'System.Linq.Enumerable+SelectListIterator`2[[SampleWebAPI_Task1.Models.Employee, SampleWebAPI_Task1, Version=1.0.0.0, Culture=neutral, PublicKeyToken=null],[SampleWebAPI_Task1.Models.EmployeeDto, SampleWebAPI_Task1, Version=1.0.0.0, Culture=neutral, PublicKeyToken=null]]'.
2024-12-20 14:50:24.702 +05:30  INF  Executed action SampleWebAPI_Task1.Controllers.EmployeeController.GetAllEmployee (SampleWebAPI_Task1) in 162.6969ms
2024-12-20 14:50:24.702 +05:30  INF  Executed endpoint 'SampleWebAPI_Task1.Controllers.EmployeeController.GetAllEmployee (SampleWebAPI_Task1)'
2024-12-20 14:50:24.703 +05:30  INF  Request finished HTTP/1.1 GET http://localhost:5002/api/Employee/GetAllEmployee - 200 null application/json; charset=utf-8 197.3807ms
2024-12-20 14:50:24.705 +05:30  INF  Request starting HTTP/1.1 GET http://localhost:5002/api/Employee/GetAllEmployee - null null
2024-12-20 14:50:24.705 +05:30  INF  CORS policy execution successful.
2024-12-20 14:50:24.705 +05:30  INF  Executing endpoint 'SampleWebAPI_Task1.Controllers.EmployeeController.GetAllEmployee (SampleWebAPI_Task1)'
2024-12-20 14:50:24.706 +05:30  INF  Route matched with {action = "GetAllEmployee", controller = "Employee"}. Executing controller action with signature Microsoft.AspNetCore.Mvc.IActionResult GetAllEmployee() on controller SampleWebAPI_Task1.Controllers.EmployeeController (SampleWebAPI_Task1).
2024-12-20 14:50:24.708 +05:30  INF  Executed DbCommand (1ms) [Parameters=[], CommandType='"Text"', CommandTimeout='30']
SELECT [e].[EmployeeID], [e].[Dept], [e].[Gender], [e].[Name]
FROM [Employees] AS [e]
2024-12-20 14:50:24.709 +05:30  INF  Executing OkObjectResult, writing value of type 'System.Linq.Enumerable+SelectListIterator`2[[SampleWebAPI_Task1.Models.Employee, SampleWebAPI_Task1, Version=1.0.0.0, Culture=neutral, PublicKeyToken=null],[SampleWebAPI_Task1.Models.EmployeeDto, SampleWebAPI_Task1, Version=1.0.0.0, Culture=neutral, PublicKeyToken=null]]'.
2024-12-20 14:50:24.709 +05:30  INF  Executed action SampleWebAPI_Task1.Controllers.EmployeeController.GetAllEmployee (SampleWebAPI_Task1) in 3.1036ms
2024-12-20 14:50:24.709 +05:30  INF  Executed endpoint 'SampleWebAPI_Task1.Controllers.EmployeeController.GetAllEmployee (SampleWebAPI_Task1)'
2024-12-20 14:50:24.709 +05:30  INF  Request finished HTTP/1.1 GET http://localhost:5002/api/Employee/GetAllEmployee - 200 null application/json; charset=utf-8 4.0045ms
2024-12-20 14:50:32.686 +05:30  INF  Request starting HTTP/1.1 OPTIONS http://localhost:5002/api/Employee/EditEmployee/3 - null null
2024-12-20 14:50:32.686 +05:30  INF  CORS policy execution successful.
2024-12-20 14:50:32.687 +05:30  INF  Request finished HTTP/1.1 OPTIONS http://localhost:5002/api/Employee/EditEmployee/3 - 204 null null 1.151ms
2024-12-20 14:50:32.688 +05:30  INF  Request starting HTTP/1.1 PUT http://localhost:5002/api/Employee/EditEmployee/3 - application/json 50
2024-12-20 14:50:32.689 +05:30  INF  CORS policy execution successful.
2024-12-20 14:50:32.689 +05:30  INF  Executing endpoint 'SampleWebAPI_Task1.Controllers.EmployeeController.EditEmployee (SampleWebAPI_Task1)'
2024-12-20 14:50:32.689 +05:30  INF  Route matched with {action = "EditEmployee", controller = "Employee"}. Executing controller action with signature Microsoft.AspNetCore.Mvc.IActionResult EditEmployee(Int32, SampleWebAPI_Task1.Models.EmployeeDto) on controller SampleWebAPI_Task1.Controllers.EmployeeController (SampleWebAPI_Task1).
2024-12-20 14:50:32.701 +05:30  INF  Executed DbCommand (5ms) [Parameters=[@__p_0='?' (DbType = Int32)], CommandType='"Text"', CommandTimeout='30']
SELECT TOP(1) [e].[EmployeeID], [e].[Dept], [e].[Gender], [e].[Name]
FROM [Employees] AS [e]
WHERE [e].[EmployeeID] = @__p_0
2024-12-20 14:50:32.704 +05:30  INF  Executed DbCommand (2ms) [Parameters=[@__EmployeeID_0='?' (DbType = Int32)], CommandType='"Text"', CommandTimeout='30']
SELECT TOP(1) [e].[EmployeeID], [e].[Dept], [e].[Gender], [e].[Name]
FROM [Employees] AS [e]
WHERE [e].[EmployeeID] = @__EmployeeID_0
2024-12-20 14:50:32.710 +05:30  INF  Executed DbCommand (5ms) [Parameters=[@p1='?' (DbType = Int32), @p0='?' (Size = 4000)], CommandType='"Text"', CommandTimeout='30']
SET IMPLICIT_TRANSACTIONS OFF;
SET NOCOUNT ON;
UPDATE [Employees] SET [Name] = @p0
OUTPUT 1
WHERE [EmployeeID] = @p1;
2024-12-20 14:50:32.710 +05:30  INF  Executing OkObjectResult, writing value of type 'System.String'.
2024-12-20 14:50:32.711 +05:30  INF  Executed action SampleWebAPI_Task1.Controllers.EmployeeController.EditEmployee (SampleWebAPI_Task1) in 21.1763ms
2024-12-20 14:50:32.711 +05:30  INF  Executed endpoint 'SampleWebAPI_Task1.Controllers.EmployeeController.EditEmployee (SampleWebAPI_Task1)'
2024-12-20 14:50:32.711 +05:30  INF  Request finished HTTP/1.1 PUT http://localhost:5002/api/Employee/EditEmployee/3 - 200 null text/plain; charset=utf-8 22.4128ms
2024-12-20 14:50:32.724 +05:30  INF  Request starting HTTP/1.1 OPTIONS http://localhost:5002/api/Employee/GetAllEmployee - null null
2024-12-20 14:50:32.724 +05:30  INF  CORS policy execution successful.
2024-12-20 14:50:32.724 +05:30  INF  Request finished HTTP/1.1 OPTIONS http://localhost:5002/api/Employee/GetAllEmployee - 204 null null 0.1477ms
2024-12-20 14:50:32.725 +05:30  INF  Request starting HTTP/1.1 GET http://localhost:5002/api/Employee/GetAllEmployee - null null
2024-12-20 14:50:32.725 +05:30  INF  CORS policy execution successful.
2024-12-20 14:50:32.725 +05:30  INF  Executing endpoint 'SampleWebAPI_Task1.Controllers.EmployeeController.GetAllEmployee (SampleWebAPI_Task1)'
2024-12-20 14:50:32.725 +05:30  INF  Route matched with {action = "GetAllEmployee", controller = "Employee"}. Executing controller action with signature Microsoft.AspNetCore.Mvc.IActionResult GetAllEmployee() on controller SampleWebAPI_Task1.Controllers.EmployeeController (SampleWebAPI_Task1).
2024-12-20 14:50:32.726 +05:30  INF  Executed DbCommand (0ms) [Parameters=[], CommandType='"Text"', CommandTimeout='30']
SELECT [e].[EmployeeID], [e].[Dept], [e].[Gender], [e].[Name]
FROM [Employees] AS [e]
2024-12-20 14:50:32.727 +05:30  INF  Executing OkObjectResult, writing value of type 'System.Linq.Enumerable+SelectListIterator`2[[SampleWebAPI_Task1.Models.Employee, SampleWebAPI_Task1, Version=1.0.0.0, Culture=neutral, PublicKeyToken=null],[SampleWebAPI_Task1.Models.EmployeeDto, SampleWebAPI_Task1, Version=1.0.0.0, Culture=neutral, PublicKeyToken=null]]'.
2024-12-20 14:50:32.727 +05:30  INF  Executed action SampleWebAPI_Task1.Controllers.EmployeeController.GetAllEmployee (SampleWebAPI_Task1) in 1.7644ms
2024-12-20 14:50:32.727 +05:30  INF  Executed endpoint 'SampleWebAPI_Task1.Controllers.EmployeeController.GetAllEmployee (SampleWebAPI_Task1)'
2024-12-20 14:50:32.727 +05:30  INF  Request finished HTTP/1.1 GET http://localhost:5002/api/Employee/GetAllEmployee - 200 null application/json; charset=utf-8 2.298ms
2024-12-20 14:50:41.482 +05:30  INF  Request starting HTTP/1.1 OPTIONS http://localhost:5002/api/Employee/GetAllEmployee - null null
2024-12-20 14:50:41.482 +05:30  INF  CORS policy execution successful.
2024-12-20 14:50:41.482 +05:30  INF  Request finished HTTP/1.1 OPTIONS http://localhost:5002/api/Employee/GetAllEmployee - 204 null null 0.1377ms
2024-12-20 14:50:41.483 +05:30  INF  Request starting HTTP/1.1 GET http://localhost:5002/api/Employee/GetAllEmployee - null null
2024-12-20 14:50:41.483 +05:30  INF  CORS policy execution successful.
2024-12-20 14:50:41.483 +05:30  INF  Executing endpoint 'SampleWebAPI_Task1.Controllers.EmployeeController.GetAllEmployee (SampleWebAPI_Task1)'
2024-12-20 14:50:41.483 +05:30  INF  Route matched with {action = "GetAllEmployee", controller = "Employee"}. Executing controller action with signature Microsoft.AspNetCore.Mvc.IActionResult GetAllEmployee() on controller SampleWebAPI_Task1.Controllers.EmployeeController (SampleWebAPI_Task1).
2024-12-20 14:50:41.486 +05:30  INF  Executed DbCommand (0ms) [Parameters=[], CommandType='"Text"', CommandTimeout='30']
SELECT [e].[EmployeeID], [e].[Dept], [e].[Gender], [e].[Name]
FROM [Employees] AS [e]
2024-12-20 14:50:41.486 +05:30  INF  Executing OkObjectResult, writing value of type 'System.Linq.Enumerable+SelectListIterator`2[[SampleWebAPI_Task1.Models.Employee, SampleWebAPI_Task1, Version=1.0.0.0, Culture=neutral, PublicKeyToken=null],[SampleWebAPI_Task1.Models.EmployeeDto, SampleWebAPI_Task1, Version=1.0.0.0, Culture=neutral, PublicKeyToken=null]]'.
2024-12-20 14:50:41.486 +05:30  INF  Executed action SampleWebAPI_Task1.Controllers.EmployeeController.GetAllEmployee (SampleWebAPI_Task1) in 2.646ms
2024-12-20 14:50:41.486 +05:30  INF  Executed endpoint 'SampleWebAPI_Task1.Controllers.EmployeeController.GetAllEmployee (SampleWebAPI_Task1)'
2024-12-20 14:50:41.486 +05:30  INF  Request finished HTTP/1.1 GET http://localhost:5002/api/Employee/GetAllEmployee - 200 null application/json; charset=utf-8 3.2916ms
2024-12-20 14:50:41.488 +05:30  INF  Request starting HTTP/1.1 GET http://localhost:5002/api/Employee/GetAllEmployee - null null
2024-12-20 14:50:41.488 +05:30  INF  CORS policy execution successful.
2024-12-20 14:50:41.488 +05:30  INF  Executing endpoint 'SampleWebAPI_Task1.Controllers.EmployeeController.GetAllEmployee (SampleWebAPI_Task1)'
2024-12-20 14:50:41.488 +05:30  INF  Route matched with {action = "GetAllEmployee", controller = "Employee"}. Executing controller action with signature Microsoft.AspNetCore.Mvc.IActionResult GetAllEmployee() on controller SampleWebAPI_Task1.Controllers.EmployeeController (SampleWebAPI_Task1).
2024-12-20 14:50:41.490 +05:30  INF  Executed DbCommand (0ms) [Parameters=[], CommandType='"Text"', CommandTimeout='30']
SELECT [e].[EmployeeID], [e].[Dept], [e].[Gender], [e].[Name]
FROM [Employees] AS [e]
2024-12-20 14:50:41.491 +05:30  INF  Executing OkObjectResult, writing value of type 'System.Linq.Enumerable+SelectListIterator`2[[SampleWebAPI_Task1.Models.Employee, SampleWebAPI_Task1, Version=1.0.0.0, Culture=neutral, PublicKeyToken=null],[SampleWebAPI_Task1.Models.EmployeeDto, SampleWebAPI_Task1, Version=1.0.0.0, Culture=neutral, PublicKeyToken=null]]'.
2024-12-20 14:50:41.491 +05:30  INF  Executed action SampleWebAPI_Task1.Controllers.EmployeeController.GetAllEmployee (SampleWebAPI_Task1) in 2.6269ms
2024-12-20 14:50:41.491 +05:30  INF  Executed endpoint 'SampleWebAPI_Task1.Controllers.EmployeeController.GetAllEmployee (SampleWebAPI_Task1)'
2024-12-20 14:50:41.491 +05:30  INF  Request finished HTTP/1.1 GET http://localhost:5002/api/Employee/GetAllEmployee - 200 null application/json; charset=utf-8 3.0906ms
2024-12-20 14:51:48.712 +05:30  INF  Request starting HTTP/1.1 OPTIONS http://localhost:5002/api/Employee/GetAllEmployee - null null
2024-12-20 14:51:48.712 +05:30  INF  CORS policy execution successful.
2024-12-20 14:51:48.714 +05:30  INF  Request finished HTTP/1.1 OPTIONS http://localhost:5002/api/Employee/GetAllEmployee - 204 null null 0.5594ms
2024-12-20 14:51:48.722 +05:30  INF  Request starting HTTP/1.1 GET http://localhost:5002/api/Employee/GetAllEmployee - null null
2024-12-20 14:51:48.725 +05:30  INF  CORS policy execution successful.
2024-12-20 14:51:48.725 +05:30  INF  Executing endpoint 'SampleWebAPI_Task1.Controllers.EmployeeController.GetAllEmployee (SampleWebAPI_Task1)'
2024-12-20 14:51:48.725 +05:30  INF  Route matched with {action = "GetAllEmployee", controller = "Employee"}. Executing controller action with signature Microsoft.AspNetCore.Mvc.IActionResult GetAllEmployee() on controller SampleWebAPI_Task1.Controllers.EmployeeController (SampleWebAPI_Task1).
2024-12-20 14:51:48.728 +05:30  INF  Executed DbCommand (2ms) [Parameters=[], CommandType='"Text"', CommandTimeout='30']
SELECT [e].[EmployeeID], [e].[Dept], [e].[Gender], [e].[Name]
FROM [Employees] AS [e]
2024-12-20 14:51:48.728 +05:30  INF  Executing OkObjectResult, writing value of type 'System.Linq.Enumerable+SelectListIterator`2[[SampleWebAPI_Task1.Models.Employee, SampleWebAPI_Task1, Version=1.0.0.0, Culture=neutral, PublicKeyToken=null],[SampleWebAPI_Task1.Models.EmployeeDto, SampleWebAPI_Task1, Version=1.0.0.0, Culture=neutral, PublicKeyToken=null]]'.
2024-12-20 14:51:48.728 +05:30  INF  Executed action SampleWebAPI_Task1.Controllers.EmployeeController.GetAllEmployee (SampleWebAPI_Task1) in 3.2335ms
2024-12-20 14:51:48.728 +05:30  INF  Executed endpoint 'SampleWebAPI_Task1.Controllers.EmployeeController.GetAllEmployee (SampleWebAPI_Task1)'
2024-12-20 14:51:48.728 +05:30  INF  Request finished HTTP/1.1 GET http://localhost:5002/api/Employee/GetAllEmployee - 200 null application/json; charset=utf-8 5.7591ms
2024-12-20 14:51:56.249 +05:30  INF  Request starting HTTP/1.1 OPTIONS http://localhost:5002/api/Employee/EditEmployee/3 - null null
2024-12-20 14:51:56.249 +05:30  INF  CORS policy execution successful.
2024-12-20 14:51:56.250 +05:30  INF  Request finished HTTP/1.1 OPTIONS http://localhost:5002/api/Employee/EditEmployee/3 - 204 null null 0.9815ms
2024-12-20 14:51:56.253 +05:30  INF  Request starting HTTP/1.1 PUT http://localhost:5002/api/Employee/EditEmployee/3 - application/json 51
2024-12-20 14:51:56.254 +05:30  INF  CORS policy execution successful.
2024-12-20 14:51:56.255 +05:30  INF  Executing endpoint 'SampleWebAPI_Task1.Controllers.EmployeeController.EditEmployee (SampleWebAPI_Task1)'
2024-12-20 14:51:56.255 +05:30  INF  Route matched with {action = "EditEmployee", controller = "Employee"}. Executing controller action with signature Microsoft.AspNetCore.Mvc.IActionResult EditEmployee(Int32, SampleWebAPI_Task1.Models.EmployeeDto) on controller SampleWebAPI_Task1.Controllers.EmployeeController (SampleWebAPI_Task1).
2024-12-20 14:51:56.265 +05:30  INF  Executed DbCommand (5ms) [Parameters=[@__p_0='?' (DbType = Int32)], CommandType='"Text"', CommandTimeout='30']
SELECT TOP(1) [e].[EmployeeID], [e].[Dept], [e].[Gender], [e].[Name]
FROM [Employees] AS [e]
WHERE [e].[EmployeeID] = @__p_0
2024-12-20 14:51:56.270 +05:30  INF  Executed DbCommand (3ms) [Parameters=[@__EmployeeID_0='?' (DbType = Int32)], CommandType='"Text"', CommandTimeout='30']
SELECT TOP(1) [e].[EmployeeID], [e].[Dept], [e].[Gender], [e].[Name]
FROM [Employees] AS [e]
WHERE [e].[EmployeeID] = @__EmployeeID_0
2024-12-20 14:51:56.284 +05:30  INF  Executed DbCommand (13ms) [Parameters=[@p1='?' (DbType = Int32), @p0='?' (Size = 4000)], CommandType='"Text"', CommandTimeout='30']
SET IMPLICIT_TRANSACTIONS OFF;
SET NOCOUNT ON;
UPDATE [Employees] SET [Name] = @p0
OUTPUT 1
WHERE [EmployeeID] = @p1;
2024-12-20 14:51:56.284 +05:30  INF  Executing OkObjectResult, writing value of type 'System.String'.
2024-12-20 14:51:56.285 +05:30  INF  Executed action SampleWebAPI_Task1.Controllers.EmployeeController.EditEmployee (SampleWebAPI_Task1) in 29.682ms
2024-12-20 14:51:56.285 +05:30  INF  Executed endpoint 'SampleWebAPI_Task1.Controllers.EmployeeController.EditEmployee (SampleWebAPI_Task1)'
2024-12-20 14:51:56.286 +05:30  INF  Request finished HTTP/1.1 PUT http://localhost:5002/api/Employee/EditEmployee/3 - 200 null text/plain; charset=utf-8 32.4725ms
2024-12-20 14:51:56.339 +05:30  INF  Request starting HTTP/1.1 OPTIONS http://localhost:5002/api/Employee/GetAllEmployee - null null
2024-12-20 14:51:56.341 +05:30  INF  CORS policy execution successful.
2024-12-20 14:51:56.341 +05:30  INF  Request finished HTTP/1.1 OPTIONS http://localhost:5002/api/Employee/GetAllEmployee - 204 null null 1.7438ms
2024-12-20 14:51:56.344 +05:30  INF  Request starting HTTP/1.1 GET http://localhost:5002/api/Employee/GetAllEmployee - null null
2024-12-20 14:51:56.344 +05:30  INF  CORS policy execution successful.
2024-12-20 14:51:56.345 +05:30  INF  Executing endpoint 'SampleWebAPI_Task1.Controllers.EmployeeController.GetAllEmployee (SampleWebAPI_Task1)'
2024-12-20 14:51:56.345 +05:30  INF  Route matched with {action = "GetAllEmployee", controller = "Employee"}. Executing controller action with signature Microsoft.AspNetCore.Mvc.IActionResult GetAllEmployee() on controller SampleWebAPI_Task1.Controllers.EmployeeController (SampleWebAPI_Task1).
2024-12-20 14:51:56.348 +05:30  INF  Executed DbCommand (1ms) [Parameters=[], CommandType='"Text"', CommandTimeout='30']
SELECT [e].[EmployeeID], [e].[Dept], [e].[Gender], [e].[Name]
FROM [Employees] AS [e]
2024-12-20 14:51:56.349 +05:30  INF  Executing OkObjectResult, writing value of type 'System.Linq.Enumerable+SelectListIterator`2[[SampleWebAPI_Task1.Models.Employee, SampleWebAPI_Task1, Version=1.0.0.0, Culture=neutral, PublicKeyToken=null],[SampleWebAPI_Task1.Models.EmployeeDto, SampleWebAPI_Task1, Version=1.0.0.0, Culture=neutral, PublicKeyToken=null]]'.
2024-12-20 14:51:56.349 +05:30  INF  Executed action SampleWebAPI_Task1.Controllers.EmployeeController.GetAllEmployee (SampleWebAPI_Task1) in 4.4748ms
2024-12-20 14:51:56.349 +05:30  INF  Executed endpoint 'SampleWebAPI_Task1.Controllers.EmployeeController.GetAllEmployee (SampleWebAPI_Task1)'
2024-12-20 14:51:56.349 +05:30  INF  Request finished HTTP/1.1 GET http://localhost:5002/api/Employee/GetAllEmployee - 200 null application/json; charset=utf-8 5.6564ms
2024-12-20 14:52:04.739 +05:30  INF  Request starting HTTP/1.1 OPTIONS http://localhost:5002/api/Employee/GetAllEmployee - null null
2024-12-20 14:52:04.740 +05:30  INF  CORS policy execution successful.
2024-12-20 14:52:04.740 +05:30  INF  Request finished HTTP/1.1 OPTIONS http://localhost:5002/api/Employee/GetAllEmployee - 204 null null 0.2996ms
2024-12-20 14:52:04.741 +05:30  INF  Request starting HTTP/1.1 GET http://localhost:5002/api/Employee/GetAllEmployee - null null
2024-12-20 14:52:04.742 +05:30  INF  CORS policy execution successful.
2024-12-20 14:52:04.742 +05:30  INF  Executing endpoint 'SampleWebAPI_Task1.Controllers.EmployeeController.GetAllEmployee (SampleWebAPI_Task1)'
2024-12-20 14:52:04.742 +05:30  INF  Route matched with {action = "GetAllEmployee", controller = "Employee"}. Executing controller action with signature Microsoft.AspNetCore.Mvc.IActionResult GetAllEmployee() on controller SampleWebAPI_Task1.Controllers.EmployeeController (SampleWebAPI_Task1).
2024-12-20 14:52:04.743 +05:30  INF  Executed DbCommand (0ms) [Parameters=[], CommandType='"Text"', CommandTimeout='30']
SELECT [e].[EmployeeID], [e].[Dept], [e].[Gender], [e].[Name]
FROM [Employees] AS [e]
2024-12-20 14:52:04.743 +05:30  INF  Executing OkObjectResult, writing value of type 'System.Linq.Enumerable+SelectListIterator`2[[SampleWebAPI_Task1.Models.Employee, SampleWebAPI_Task1, Version=1.0.0.0, Culture=neutral, PublicKeyToken=null],[SampleWebAPI_Task1.Models.EmployeeDto, SampleWebAPI_Task1, Version=1.0.0.0, Culture=neutral, PublicKeyToken=null]]'.
2024-12-20 14:52:04.744 +05:30  INF  Executed action SampleWebAPI_Task1.Controllers.EmployeeController.GetAllEmployee (SampleWebAPI_Task1) in 1.8807ms
2024-12-20 14:52:04.744 +05:30  INF  Executed endpoint 'SampleWebAPI_Task1.Controllers.EmployeeController.GetAllEmployee (SampleWebAPI_Task1)'
2024-12-20 14:52:04.744 +05:30  INF  Request finished HTTP/1.1 GET http://localhost:5002/api/Employee/GetAllEmployee - 200 null application/json; charset=utf-8 2.6111ms
2024-12-20 14:52:04.745 +05:30  INF  Request starting HTTP/1.1 GET http://localhost:5002/api/Employee/GetAllEmployee - null null
2024-12-20 14:52:04.745 +05:30  INF  CORS policy execution successful.
2024-12-20 14:52:04.745 +05:30  INF  Executing endpoint 'SampleWebAPI_Task1.Controllers.EmployeeController.GetAllEmployee (SampleWebAPI_Task1)'
2024-12-20 14:52:04.745 +05:30  INF  Route matched with {action = "GetAllEmployee", controller = "Employee"}. Executing controller action with signature Microsoft.AspNetCore.Mvc.IActionResult GetAllEmployee() on controller SampleWebAPI_Task1.Controllers.EmployeeController (SampleWebAPI_Task1).
2024-12-20 14:52:04.747 +05:30  INF  Executed DbCommand (0ms) [Parameters=[], CommandType='"Text"', CommandTimeout='30']
SELECT [e].[EmployeeID], [e].[Dept], [e].[Gender], [e].[Name]
FROM [Employees] AS [e]
2024-12-20 14:52:04.747 +05:30  INF  Executing OkObjectResult, writing value of type 'System.Linq.Enumerable+SelectListIterator`2[[SampleWebAPI_Task1.Models.Employee, SampleWebAPI_Task1, Version=1.0.0.0, Culture=neutral, PublicKeyToken=null],[SampleWebAPI_Task1.Models.EmployeeDto, SampleWebAPI_Task1, Version=1.0.0.0, Culture=neutral, PublicKeyToken=null]]'.
2024-12-20 14:52:04.748 +05:30  INF  Executed action SampleWebAPI_Task1.Controllers.EmployeeController.GetAllEmployee (SampleWebAPI_Task1) in 2.0969ms
2024-12-20 14:52:04.748 +05:30  INF  Executed endpoint 'SampleWebAPI_Task1.Controllers.EmployeeController.GetAllEmployee (SampleWebAPI_Task1)'
2024-12-20 14:52:04.748 +05:30  INF  Request finished HTTP/1.1 GET http://localhost:5002/api/Employee/GetAllEmployee - 200 null application/json; charset=utf-8 2.7203ms
2024-12-20 14:52:08.709 +05:30  INF  Request starting HTTP/1.1 GET http://localhost:5002/api/Employee/GetAllEmployee - null null
2024-12-20 14:52:08.710 +05:30  INF  CORS policy execution successful.
2024-12-20 14:52:08.710 +05:30  INF  Executing endpoint 'SampleWebAPI_Task1.Controllers.EmployeeController.GetAllEmployee (SampleWebAPI_Task1)'
2024-12-20 14:52:08.713 +05:30  INF  Route matched with {action = "GetAllEmployee", controller = "Employee"}. Executing controller action with signature Microsoft.AspNetCore.Mvc.IActionResult GetAllEmployee() on controller SampleWebAPI_Task1.Controllers.EmployeeController (SampleWebAPI_Task1).
2024-12-20 14:52:08.716 +05:30  INF  Executed DbCommand (0ms) [Parameters=[], CommandType='"Text"', CommandTimeout='30']
SELECT [e].[EmployeeID], [e].[Dept], [e].[Gender], [e].[Name]
FROM [Employees] AS [e]
2024-12-20 14:52:08.716 +05:30  INF  Executing OkObjectResult, writing value of type 'System.Linq.Enumerable+SelectListIterator`2[[SampleWebAPI_Task1.Models.Employee, SampleWebAPI_Task1, Version=1.0.0.0, Culture=neutral, PublicKeyToken=null],[SampleWebAPI_Task1.Models.EmployeeDto, SampleWebAPI_Task1, Version=1.0.0.0, Culture=neutral, PublicKeyToken=null]]'.
2024-12-20 14:52:08.716 +05:30  INF  Executed action SampleWebAPI_Task1.Controllers.EmployeeController.GetAllEmployee (SampleWebAPI_Task1) in 2.2974ms
2024-12-20 14:52:08.716 +05:30  INF  Executed endpoint 'SampleWebAPI_Task1.Controllers.EmployeeController.GetAllEmployee (SampleWebAPI_Task1)'
2024-12-20 14:52:08.716 +05:30  INF  Request finished HTTP/1.1 GET http://localhost:5002/api/Employee/GetAllEmployee - 200 null application/json; charset=utf-8 7.3048ms
2024-12-20 14:52:08.717 +05:30  INF  Request starting HTTP/1.1 GET http://localhost:5002/api/Employee/GetAllEmployee - null null
2024-12-20 14:52:08.717 +05:30  INF  CORS policy execution successful.
2024-12-20 14:52:08.717 +05:30  INF  Executing endpoint 'SampleWebAPI_Task1.Controllers.EmployeeController.GetAllEmployee (SampleWebAPI_Task1)'
2024-12-20 14:52:08.717 +05:30  INF  Route matched with {action = "GetAllEmployee", controller = "Employee"}. Executing controller action with signature Microsoft.AspNetCore.Mvc.IActionResult GetAllEmployee() on controller SampleWebAPI_Task1.Controllers.EmployeeController (SampleWebAPI_Task1).
2024-12-20 14:52:08.719 +05:30  INF  Executed DbCommand (0ms) [Parameters=[], CommandType='"Text"', CommandTimeout='30']
SELECT [e].[EmployeeID], [e].[Dept], [e].[Gender], [e].[Name]
FROM [Employees] AS [e]
2024-12-20 14:52:08.719 +05:30  INF  Executing OkObjectResult, writing value of type 'System.Linq.Enumerable+SelectListIterator`2[[SampleWebAPI_Task1.Models.Employee, SampleWebAPI_Task1, Version=1.0.0.0, Culture=neutral, PublicKeyToken=null],[SampleWebAPI_Task1.Models.EmployeeDto, SampleWebAPI_Task1, Version=1.0.0.0, Culture=neutral, PublicKeyToken=null]]'.
2024-12-20 14:52:08.719 +05:30  INF  Executed action SampleWebAPI_Task1.Controllers.EmployeeController.GetAllEmployee (SampleWebAPI_Task1) in 2.0682ms
2024-12-20 14:52:08.719 +05:30  INF  Executed endpoint 'SampleWebAPI_Task1.Controllers.EmployeeController.GetAllEmployee (SampleWebAPI_Task1)'
2024-12-20 14:52:08.720 +05:30  INF  Request finished HTTP/1.1 GET http://localhost:5002/api/Employee/GetAllEmployee - 200 null application/json; charset=utf-8 2.474ms
2024-12-20 14:54:22.919 +05:30  INF  Request starting HTTP/1.1 OPTIONS http://localhost:5002/api/Employee/GetAllEmployee - null null
2024-12-20 14:54:22.920 +05:30  INF  CORS policy execution successful.
2024-12-20 14:54:22.920 +05:30  INF  Request finished HTTP/1.1 OPTIONS http://localhost:5002/api/Employee/GetAllEmployee - 204 null null 0.3631ms
2024-12-20 14:54:22.925 +05:30  INF  Request starting HTTP/1.1 GET http://localhost:5002/api/Employee/GetAllEmployee - null null
2024-12-20 14:54:22.926 +05:30  INF  CORS policy execution successful.
2024-12-20 14:54:22.926 +05:30  INF  Executing endpoint 'SampleWebAPI_Task1.Controllers.EmployeeController.GetAllEmployee (SampleWebAPI_Task1)'
2024-12-20 14:54:22.927 +05:30  INF  Route matched with {action = "GetAllEmployee", controller = "Employee"}. Executing controller action with signature Microsoft.AspNetCore.Mvc.IActionResult GetAllEmployee() on controller SampleWebAPI_Task1.Controllers.EmployeeController (SampleWebAPI_Task1).
2024-12-20 14:54:22.940 +05:30  INF  Executed DbCommand (7ms) [Parameters=[], CommandType='"Text"', CommandTimeout='30']
SELECT [e].[EmployeeID], [e].[Dept], [e].[Gender], [e].[Name]
FROM [Employees] AS [e]
2024-12-20 14:54:22.941 +05:30  INF  Executing OkObjectResult, writing value of type 'System.Linq.Enumerable+SelectListIterator`2[[SampleWebAPI_Task1.Models.Employee, SampleWebAPI_Task1, Version=1.0.0.0, Culture=neutral, PublicKeyToken=null],[SampleWebAPI_Task1.Models.EmployeeDto, SampleWebAPI_Task1, Version=1.0.0.0, Culture=neutral, PublicKeyToken=null]]'.
2024-12-20 14:54:22.941 +05:30  INF  Executed action SampleWebAPI_Task1.Controllers.EmployeeController.GetAllEmployee (SampleWebAPI_Task1) in 14.0333ms
2024-12-20 14:54:22.941 +05:30  INF  Executed endpoint 'SampleWebAPI_Task1.Controllers.EmployeeController.GetAllEmployee (SampleWebAPI_Task1)'
2024-12-20 14:54:22.941 +05:30  INF  Request finished HTTP/1.1 GET http://localhost:5002/api/Employee/GetAllEmployee - 200 null application/json; charset=utf-8 15.5743ms
2024-12-20 14:54:27.924 +05:30  INF  Request starting HTTP/1.1 OPTIONS http://localhost:5002/api/Employee/GetAllEmployee - null null
2024-12-20 14:54:27.924 +05:30  INF  CORS policy execution successful.
2024-12-20 14:54:27.924 +05:30  INF  Request finished HTTP/1.1 OPTIONS http://localhost:5002/api/Employee/GetAllEmployee - 204 null null 0.5381ms
2024-12-20 14:54:27.927 +05:30  INF  Request starting HTTP/1.1 GET http://localhost:5002/api/Employee/GetAllEmployee - null null
2024-12-20 14:54:27.927 +05:30  INF  CORS policy execution successful.
2024-12-20 14:54:27.927 +05:30  INF  Executing endpoint 'SampleWebAPI_Task1.Controllers.EmployeeController.GetAllEmployee (SampleWebAPI_Task1)'
2024-12-20 14:54:27.927 +05:30  INF  Route matched with {action = "GetAllEmployee", controller = "Employee"}. Executing controller action with signature Microsoft.AspNetCore.Mvc.IActionResult GetAllEmployee() on controller SampleWebAPI_Task1.Controllers.EmployeeController (SampleWebAPI_Task1).
2024-12-20 14:54:27.947 +05:30  INF  Executed DbCommand (12ms) [Parameters=[], CommandType='"Text"', CommandTimeout='30']
SELECT [e].[EmployeeID], [e].[Dept], [e].[Gender], [e].[Name]
FROM [Employees] AS [e]
2024-12-20 14:54:27.948 +05:30  INF  Executing OkObjectResult, writing value of type 'System.Linq.Enumerable+SelectListIterator`2[[SampleWebAPI_Task1.Models.Employee, SampleWebAPI_Task1, Version=1.0.0.0, Culture=neutral, PublicKeyToken=null],[SampleWebAPI_Task1.Models.EmployeeDto, SampleWebAPI_Task1, Version=1.0.0.0, Culture=neutral, PublicKeyToken=null]]'.
2024-12-20 14:54:27.948 +05:30  INF  Executed action SampleWebAPI_Task1.Controllers.EmployeeController.GetAllEmployee (SampleWebAPI_Task1) in 20.2958ms
2024-12-20 14:54:27.948 +05:30  INF  Executed endpoint 'SampleWebAPI_Task1.Controllers.EmployeeController.GetAllEmployee (SampleWebAPI_Task1)'
2024-12-20 14:54:27.948 +05:30  INF  Request finished HTTP/1.1 GET http://localhost:5002/api/Employee/GetAllEmployee - 200 null application/json; charset=utf-8 21.162ms
2024-12-20 14:54:33.532 +05:30  INF  Request starting HTTP/1.1 OPTIONS http://localhost:5002/api/Employee/GetAllEmployee - null null
2024-12-20 14:54:33.532 +05:30  INF  CORS policy execution successful.
2024-12-20 14:54:33.532 +05:30  INF  Request finished HTTP/1.1 OPTIONS http://localhost:5002/api/Employee/GetAllEmployee - 204 null null 0.2229ms
2024-12-20 14:54:33.533 +05:30  INF  Request starting HTTP/1.1 OPTIONS http://localhost:5002/api/Employee/GetAllEmployee - null null
2024-12-20 14:54:33.533 +05:30  INF  CORS policy execution successful.
2024-12-20 14:54:33.533 +05:30  INF  Request finished HTTP/1.1 OPTIONS http://localhost:5002/api/Employee/GetAllEmployee - 204 null null 0.1649ms
2024-12-20 14:54:33.535 +05:30  INF  Request starting HTTP/1.1 GET http://localhost:5002/api/Employee/GetAllEmployee - null null
2024-12-20 14:54:33.535 +05:30  INF  CORS policy execution successful.
2024-12-20 14:54:33.535 +05:30  INF  Executing endpoint 'SampleWebAPI_Task1.Controllers.EmployeeController.GetAllEmployee (SampleWebAPI_Task1)'
2024-12-20 14:54:33.535 +05:30  INF  Route matched with {action = "GetAllEmployee", controller = "Employee"}. Executing controller action with signature Microsoft.AspNetCore.Mvc.IActionResult GetAllEmployee() on controller SampleWebAPI_Task1.Controllers.EmployeeController (SampleWebAPI_Task1).
2024-12-20 14:54:33.538 +05:30  INF  Executed DbCommand (1ms) [Parameters=[], CommandType='"Text"', CommandTimeout='30']
SELECT [e].[EmployeeID], [e].[Dept], [e].[Gender], [e].[Name]
FROM [Employees] AS [e]
2024-12-20 14:54:33.538 +05:30  INF  Executing OkObjectResult, writing value of type 'System.Linq.Enumerable+SelectListIterator`2[[SampleWebAPI_Task1.Models.Employee, SampleWebAPI_Task1, Version=1.0.0.0, Culture=neutral, PublicKeyToken=null],[SampleWebAPI_Task1.Models.EmployeeDto, SampleWebAPI_Task1, Version=1.0.0.0, Culture=neutral, PublicKeyToken=null]]'.
2024-12-20 14:54:33.538 +05:30  INF  Executed action SampleWebAPI_Task1.Controllers.EmployeeController.GetAllEmployee (SampleWebAPI_Task1) in 3.023ms
2024-12-20 14:54:33.538 +05:30  INF  Executed endpoint 'SampleWebAPI_Task1.Controllers.EmployeeController.GetAllEmployee (SampleWebAPI_Task1)'
2024-12-20 14:54:33.539 +05:30  INF  Request finished HTTP/1.1 GET http://localhost:5002/api/Employee/GetAllEmployee - 200 null application/json; charset=utf-8 3.757ms
2024-12-20 14:54:33.540 +05:30  INF  Request starting HTTP/1.1 GET http://localhost:5002/api/Employee/GetAllEmployee - null null
2024-12-20 14:54:33.540 +05:30  INF  CORS policy execution successful.
2024-12-20 14:54:33.540 +05:30  INF  Executing endpoint 'SampleWebAPI_Task1.Controllers.EmployeeController.GetAllEmployee (SampleWebAPI_Task1)'
2024-12-20 14:54:33.540 +05:30  INF  Route matched with {action = "GetAllEmployee", controller = "Employee"}. Executing controller action with signature Microsoft.AspNetCore.Mvc.IActionResult GetAllEmployee() on controller SampleWebAPI_Task1.Controllers.EmployeeController (SampleWebAPI_Task1).
2024-12-20 14:54:33.541 +05:30  INF  Executed DbCommand (0ms) [Parameters=[], CommandType='"Text"', CommandTimeout='30']
SELECT [e].[EmployeeID], [e].[Dept], [e].[Gender], [e].[Name]
FROM [Employees] AS [e]
2024-12-20 14:54:33.542 +05:30  INF  Executing OkObjectResult, writing value of type 'System.Linq.Enumerable+SelectListIterator`2[[SampleWebAPI_Task1.Models.Employee, SampleWebAPI_Task1, Version=1.0.0.0, Culture=neutral, PublicKeyToken=null],[SampleWebAPI_Task1.Models.EmployeeDto, SampleWebAPI_Task1, Version=1.0.0.0, Culture=neutral, PublicKeyToken=null]]'.
2024-12-20 14:54:33.542 +05:30  INF  Executed action SampleWebAPI_Task1.Controllers.EmployeeController.GetAllEmployee (SampleWebAPI_Task1) in 1.2328ms
2024-12-20 14:54:33.542 +05:30  INF  Executed endpoint 'SampleWebAPI_Task1.Controllers.EmployeeController.GetAllEmployee (SampleWebAPI_Task1)'
2024-12-20 14:54:33.542 +05:30  INF  Request finished HTTP/1.1 GET http://localhost:5002/api/Employee/GetAllEmployee - 200 null application/json; charset=utf-8 1.7027ms
2024-12-20 14:55:49.911 +05:30  INF  Request starting HTTP/1.1 OPTIONS http://localhost:5002/api/Employee/GetAllEmployee - null null
2024-12-20 14:55:49.911 +05:30  INF  CORS policy execution successful.
2024-12-20 14:55:49.911 +05:30  INF  Request finished HTTP/1.1 OPTIONS http://localhost:5002/api/Employee/GetAllEmployee - 204 null null 0.2985ms
2024-12-20 14:55:49.915 +05:30  INF  Request starting HTTP/1.1 GET http://localhost:5002/api/Employee/GetAllEmployee - null null
2024-12-20 14:55:49.916 +05:30  INF  CORS policy execution successful.
2024-12-20 14:55:49.916 +05:30  INF  Executing endpoint 'SampleWebAPI_Task1.Controllers.EmployeeController.GetAllEmployee (SampleWebAPI_Task1)'
2024-12-20 14:55:49.916 +05:30  INF  Route matched with {action = "GetAllEmployee", controller = "Employee"}. Executing controller action with signature Microsoft.AspNetCore.Mvc.IActionResult GetAllEmployee() on controller SampleWebAPI_Task1.Controllers.EmployeeController (SampleWebAPI_Task1).
2024-12-20 14:55:49.923 +05:30  INF  Executed DbCommand (6ms) [Parameters=[], CommandType='"Text"', CommandTimeout='30']
SELECT [e].[EmployeeID], [e].[Dept], [e].[Gender], [e].[Name]
FROM [Employees] AS [e]
2024-12-20 14:55:49.923 +05:30  INF  Executing OkObjectResult, writing value of type 'System.Linq.Enumerable+SelectListIterator`2[[SampleWebAPI_Task1.Models.Employee, SampleWebAPI_Task1, Version=1.0.0.0, Culture=neutral, PublicKeyToken=null],[SampleWebAPI_Task1.Models.EmployeeDto, SampleWebAPI_Task1, Version=1.0.0.0, Culture=neutral, PublicKeyToken=null]]'.
2024-12-20 14:55:49.924 +05:30  INF  Executed action SampleWebAPI_Task1.Controllers.EmployeeController.GetAllEmployee (SampleWebAPI_Task1) in 7.2064ms
2024-12-20 14:55:49.924 +05:30  INF  Executed endpoint 'SampleWebAPI_Task1.Controllers.EmployeeController.GetAllEmployee (SampleWebAPI_Task1)'
2024-12-20 14:55:49.924 +05:30  INF  Request finished HTTP/1.1 GET http://localhost:5002/api/Employee/GetAllEmployee - 200 null application/json; charset=utf-8 8.4219ms
2024-12-20 14:56:02.922 +05:30  INF  Request starting HTTP/1.1 OPTIONS http://localhost:5002/api/Employee/GetAllEmployee - null null
2024-12-20 14:56:02.922 +05:30  INF  CORS policy execution successful.
2024-12-20 14:56:02.922 +05:30  INF  Request finished HTTP/1.1 OPTIONS http://localhost:5002/api/Employee/GetAllEmployee - 204 null null 0.2711ms
2024-12-20 14:56:02.924 +05:30  INF  Request starting HTTP/1.1 GET http://localhost:5002/api/Employee/GetAllEmployee - null null
2024-12-20 14:56:02.924 +05:30  INF  CORS policy execution successful.
2024-12-20 14:56:02.924 +05:30  INF  Executing endpoint 'SampleWebAPI_Task1.Controllers.EmployeeController.GetAllEmployee (SampleWebAPI_Task1)'
2024-12-20 14:56:02.930 +05:30  INF  Route matched with {action = "GetAllEmployee", controller = "Employee"}. Executing controller action with signature Microsoft.AspNetCore.Mvc.IActionResult GetAllEmployee() on controller SampleWebAPI_Task1.Controllers.EmployeeController (SampleWebAPI_Task1).
2024-12-20 14:56:02.932 +05:30  INF  Executed DbCommand (1ms) [Parameters=[], CommandType='"Text"', CommandTimeout='30']
SELECT [e].[EmployeeID], [e].[Dept], [e].[Gender], [e].[Name]
FROM [Employees] AS [e]
2024-12-20 14:56:02.933 +05:30  INF  Executing OkObjectResult, writing value of type 'System.Linq.Enumerable+SelectListIterator`2[[SampleWebAPI_Task1.Models.Employee, SampleWebAPI_Task1, Version=1.0.0.0, Culture=neutral, PublicKeyToken=null],[SampleWebAPI_Task1.Models.EmployeeDto, SampleWebAPI_Task1, Version=1.0.0.0, Culture=neutral, PublicKeyToken=null]]'.
2024-12-20 14:56:02.933 +05:30  INF  Executed action SampleWebAPI_Task1.Controllers.EmployeeController.GetAllEmployee (SampleWebAPI_Task1) in 2.9564ms
2024-12-20 14:56:02.933 +05:30  INF  Executed endpoint 'SampleWebAPI_Task1.Controllers.EmployeeController.GetAllEmployee (SampleWebAPI_Task1)'
2024-12-20 14:56:02.933 +05:30  INF  Request finished HTTP/1.1 GET http://localhost:5002/api/Employee/GetAllEmployee - 200 null application/json; charset=utf-8 9.4767ms
2024-12-20 14:56:06.787 +05:30  INF  Request starting HTTP/1.1 GET http://localhost:5002/api/Employee/GetAllEmployee - null null
2024-12-20 14:56:06.788 +05:30  INF  CORS policy execution successful.
2024-12-20 14:56:06.788 +05:30  INF  Executing endpoint 'SampleWebAPI_Task1.Controllers.EmployeeController.GetAllEmployee (SampleWebAPI_Task1)'
2024-12-20 14:56:06.788 +05:30  INF  Route matched with {action = "GetAllEmployee", controller = "Employee"}. Executing controller action with signature Microsoft.AspNetCore.Mvc.IActionResult GetAllEmployee() on controller SampleWebAPI_Task1.Controllers.EmployeeController (SampleWebAPI_Task1).
2024-12-20 14:56:06.790 +05:30  INF  Executed DbCommand (0ms) [Parameters=[], CommandType='"Text"', CommandTimeout='30']
SELECT [e].[EmployeeID], [e].[Dept], [e].[Gender], [e].[Name]
FROM [Employees] AS [e]
2024-12-20 14:56:06.791 +05:30  INF  Executing OkObjectResult, writing value of type 'System.Linq.Enumerable+SelectListIterator`2[[SampleWebAPI_Task1.Models.Employee, SampleWebAPI_Task1, Version=1.0.0.0, Culture=neutral, PublicKeyToken=null],[SampleWebAPI_Task1.Models.EmployeeDto, SampleWebAPI_Task1, Version=1.0.0.0, Culture=neutral, PublicKeyToken=null]]'.
2024-12-20 14:56:06.791 +05:30  INF  Executed action SampleWebAPI_Task1.Controllers.EmployeeController.GetAllEmployee (SampleWebAPI_Task1) in 2.8045ms
2024-12-20 14:56:06.791 +05:30  INF  Executed endpoint 'SampleWebAPI_Task1.Controllers.EmployeeController.GetAllEmployee (SampleWebAPI_Task1)'
2024-12-20 14:56:06.791 +05:30  INF  Request finished HTTP/1.1 GET http://localhost:5002/api/Employee/GetAllEmployee - 200 null application/json; charset=utf-8 3.9609ms
2024-12-20 14:56:06.792 +05:30  INF  Request starting HTTP/1.1 GET http://localhost:5002/api/Employee/GetAllEmployee - null null
2024-12-20 14:56:06.792 +05:30  INF  CORS policy execution successful.
2024-12-20 14:56:06.792 +05:30  INF  Executing endpoint 'SampleWebAPI_Task1.Controllers.EmployeeController.GetAllEmployee (SampleWebAPI_Task1)'
2024-12-20 14:56:06.792 +05:30  INF  Route matched with {action = "GetAllEmployee", controller = "Employee"}. Executing controller action with signature Microsoft.AspNetCore.Mvc.IActionResult GetAllEmployee() on controller SampleWebAPI_Task1.Controllers.EmployeeController (SampleWebAPI_Task1).
2024-12-20 14:56:06.794 +05:30  INF  Executed DbCommand (0ms) [Parameters=[], CommandType='"Text"', CommandTimeout='30']
SELECT [e].[EmployeeID], [e].[Dept], [e].[Gender], [e].[Name]
FROM [Employees] AS [e]
2024-12-20 14:56:06.794 +05:30  INF  Executing OkObjectResult, writing value of type 'System.Linq.Enumerable+SelectListIterator`2[[SampleWebAPI_Task1.Models.Employee, SampleWebAPI_Task1, Version=1.0.0.0, Culture=neutral, PublicKeyToken=null],[SampleWebAPI_Task1.Models.EmployeeDto, SampleWebAPI_Task1, Version=1.0.0.0, Culture=neutral, PublicKeyToken=null]]'.
2024-12-20 14:56:06.794 +05:30  INF  Executed action SampleWebAPI_Task1.Controllers.EmployeeController.GetAllEmployee (SampleWebAPI_Task1) in 1.7215ms
2024-12-20 14:56:06.794 +05:30  INF  Executed endpoint 'SampleWebAPI_Task1.Controllers.EmployeeController.GetAllEmployee (SampleWebAPI_Task1)'
2024-12-20 14:56:06.794 +05:30  INF  Request finished HTTP/1.1 GET http://localhost:5002/api/Employee/GetAllEmployee - 200 null application/json; charset=utf-8 2.2365ms
2024-12-20 14:56:44.150 +05:30  INF  Request starting HTTP/1.1 OPTIONS http://localhost:5002/api/Employee/GetAllEmployee - null null
2024-12-20 14:56:44.150 +05:30  INF  CORS policy execution successful.
2024-12-20 14:56:44.151 +05:30  INF  Request finished HTTP/1.1 OPTIONS http://localhost:5002/api/Employee/GetAllEmployee - 204 null null 0.7898ms
2024-12-20 14:56:44.156 +05:30  INF  Request starting HTTP/1.1 GET http://localhost:5002/api/Employee/GetAllEmployee - null null
2024-12-20 14:56:44.160 +05:30  INF  CORS policy execution successful.
2024-12-20 14:56:44.160 +05:30  INF  Executing endpoint 'SampleWebAPI_Task1.Controllers.EmployeeController.GetAllEmployee (SampleWebAPI_Task1)'
2024-12-20 14:56:44.160 +05:30  INF  Route matched with {action = "GetAllEmployee", controller = "Employee"}. Executing controller action with signature Microsoft.AspNetCore.Mvc.IActionResult GetAllEmployee() on controller SampleWebAPI_Task1.Controllers.EmployeeController (SampleWebAPI_Task1).
2024-12-20 14:56:44.175 +05:30  INF  Executed DbCommand (12ms) [Parameters=[], CommandType='"Text"', CommandTimeout='30']
SELECT [e].[EmployeeID], [e].[Dept], [e].[Gender], [e].[Name]
FROM [Employees] AS [e]
2024-12-20 14:56:44.175 +05:30  INF  Executing OkObjectResult, writing value of type 'System.Linq.Enumerable+SelectListIterator`2[[SampleWebAPI_Task1.Models.Employee, SampleWebAPI_Task1, Version=1.0.0.0, Culture=neutral, PublicKeyToken=null],[SampleWebAPI_Task1.Models.EmployeeDto, SampleWebAPI_Task1, Version=1.0.0.0, Culture=neutral, PublicKeyToken=null]]'.
2024-12-20 14:56:44.175 +05:30  INF  Executed action SampleWebAPI_Task1.Controllers.EmployeeController.GetAllEmployee (SampleWebAPI_Task1) in 14.9588ms
2024-12-20 14:56:44.175 +05:30  INF  Executed endpoint 'SampleWebAPI_Task1.Controllers.EmployeeController.GetAllEmployee (SampleWebAPI_Task1)'
2024-12-20 14:56:44.175 +05:30  INF  Request finished HTTP/1.1 GET http://localhost:5002/api/Employee/GetAllEmployee - 200 null application/json; charset=utf-8 19.5338ms
2024-12-20 14:56:45.955 +05:30  INF  Request starting HTTP/1.1 GET http://localhost:5002/api/Employee/GetAllEmployee - null null
2024-12-20 14:56:45.956 +05:30  INF  CORS policy execution successful.
2024-12-20 14:56:45.956 +05:30  INF  Executing endpoint 'SampleWebAPI_Task1.Controllers.EmployeeController.GetAllEmployee (SampleWebAPI_Task1)'
2024-12-20 14:56:45.956 +05:30  INF  Route matched with {action = "GetAllEmployee", controller = "Employee"}. Executing controller action with signature Microsoft.AspNetCore.Mvc.IActionResult GetAllEmployee() on controller SampleWebAPI_Task1.Controllers.EmployeeController (SampleWebAPI_Task1).
2024-12-20 14:56:45.958 +05:30  INF  Executed DbCommand (1ms) [Parameters=[], CommandType='"Text"', CommandTimeout='30']
SELECT [e].[EmployeeID], [e].[Dept], [e].[Gender], [e].[Name]
FROM [Employees] AS [e]
2024-12-20 14:56:45.958 +05:30  INF  Executing OkObjectResult, writing value of type 'System.Linq.Enumerable+SelectListIterator`2[[SampleWebAPI_Task1.Models.Employee, SampleWebAPI_Task1, Version=1.0.0.0, Culture=neutral, PublicKeyToken=null],[SampleWebAPI_Task1.Models.EmployeeDto, SampleWebAPI_Task1, Version=1.0.0.0, Culture=neutral, PublicKeyToken=null]]'.
2024-12-20 14:56:45.958 +05:30  INF  Executed action SampleWebAPI_Task1.Controllers.EmployeeController.GetAllEmployee (SampleWebAPI_Task1) in 2.3034ms
2024-12-20 14:56:45.958 +05:30  INF  Executed endpoint 'SampleWebAPI_Task1.Controllers.EmployeeController.GetAllEmployee (SampleWebAPI_Task1)'
2024-12-20 14:56:45.958 +05:30  INF  Request finished HTTP/1.1 GET http://localhost:5002/api/Employee/GetAllEmployee - 200 null application/json; charset=utf-8 2.9727ms
2024-12-20 14:56:45.959 +05:30  INF  Request starting HTTP/1.1 GET http://localhost:5002/api/Employee/GetAllEmployee - null null
2024-12-20 14:56:45.960 +05:30  INF  CORS policy execution successful.
2024-12-20 14:56:45.960 +05:30  INF  Executing endpoint 'SampleWebAPI_Task1.Controllers.EmployeeController.GetAllEmployee (SampleWebAPI_Task1)'
2024-12-20 14:56:45.960 +05:30  INF  Route matched with {action = "GetAllEmployee", controller = "Employee"}. Executing controller action with signature Microsoft.AspNetCore.Mvc.IActionResult GetAllEmployee() on controller SampleWebAPI_Task1.Controllers.EmployeeController (SampleWebAPI_Task1).
2024-12-20 14:56:45.961 +05:30  INF  Executed DbCommand (0ms) [Parameters=[], CommandType='"Text"', CommandTimeout='30']
SELECT [e].[EmployeeID], [e].[Dept], [e].[Gender], [e].[Name]
FROM [Employees] AS [e]
2024-12-20 14:56:45.961 +05:30  INF  Executing OkObjectResult, writing value of type 'System.Linq.Enumerable+SelectListIterator`2[[SampleWebAPI_Task1.Models.Employee, SampleWebAPI_Task1, Version=1.0.0.0, Culture=neutral, PublicKeyToken=null],[SampleWebAPI_Task1.Models.EmployeeDto, SampleWebAPI_Task1, Version=1.0.0.0, Culture=neutral, PublicKeyToken=null]]'.
2024-12-20 14:56:45.961 +05:30  INF  Executed action SampleWebAPI_Task1.Controllers.EmployeeController.GetAllEmployee (SampleWebAPI_Task1) in 1.407ms
2024-12-20 14:56:45.962 +05:30  INF  Executed endpoint 'SampleWebAPI_Task1.Controllers.EmployeeController.GetAllEmployee (SampleWebAPI_Task1)'
2024-12-20 14:56:45.962 +05:30  INF  Request finished HTTP/1.1 GET http://localhost:5002/api/Employee/GetAllEmployee - 200 null application/json; charset=utf-8 2.5351ms
2024-12-20 14:56:53.602 +05:30  INF  Request starting HTTP/1.1 OPTIONS http://localhost:5002/api/Employee/3 - null null
2024-12-20 14:56:53.603 +05:30  INF  CORS policy execution successful.
2024-12-20 14:56:53.606 +05:30  INF  Request finished HTTP/1.1 OPTIONS http://localhost:5002/api/Employee/3 - 204 null null 0.9404ms
2024-12-20 14:56:53.620 +05:30  INF  Request starting HTTP/1.1 DELETE http://localhost:5002/api/Employee/3 - null null
2024-12-20 14:56:53.623 +05:30  INF  CORS policy execution successful.
2024-12-20 14:56:53.623 +05:30  INF  Executing endpoint 'SampleWebAPI_Task1.Controllers.EmployeeController.DeleteEmployee (SampleWebAPI_Task1)'
2024-12-20 14:56:53.634 +05:30  INF  Route matched with {action = "DeleteEmployee", controller = "Employee"}. Executing controller action with signature Microsoft.AspNetCore.Mvc.IActionResult DeleteEmployee(Int32) on controller SampleWebAPI_Task1.Controllers.EmployeeController (SampleWebAPI_Task1).
2024-12-20 14:56:53.639 +05:30  INF  Executed DbCommand (2ms) [Parameters=[@__p_0='?' (DbType = Int32)], CommandType='"Text"', CommandTimeout='30']
SELECT TOP(1) [e].[EmployeeID], [e].[Dept], [e].[Gender], [e].[Name]
FROM [Employees] AS [e]
WHERE [e].[EmployeeID] = @__p_0
2024-12-20 14:56:53.664 +05:30  INF  Executed DbCommand (6ms) [Parameters=[@p0='?' (DbType = Int32)], CommandType='"Text"', CommandTimeout='30']
SET IMPLICIT_TRANSACTIONS OFF;
SET NOCOUNT ON;
DELETE FROM [Employees]
OUTPUT 1
WHERE [EmployeeID] = @p0;
2024-12-20 14:56:53.676 +05:30  INF  Executing StatusCodeResult, setting HTTP status code 204
2024-12-20 14:56:53.676 +05:30  INF  Executed action SampleWebAPI_Task1.Controllers.EmployeeController.DeleteEmployee (SampleWebAPI_Task1) in 42.0103ms
2024-12-20 14:56:53.677 +05:30  INF  Executed endpoint 'SampleWebAPI_Task1.Controllers.EmployeeController.DeleteEmployee (SampleWebAPI_Task1)'
2024-12-20 14:56:53.677 +05:30  INF  Request finished HTTP/1.1 DELETE http://localhost:5002/api/Employee/3 - 204 null null 56.9799ms
2024-12-20 14:56:55.634 +05:30  INF  Request starting HTTP/1.1 OPTIONS http://localhost:5002/api/Employee/GetAllEmployee - null null
2024-12-20 14:56:55.634 +05:30  INF  CORS policy execution successful.
2024-12-20 14:56:55.634 +05:30  INF  Request finished HTTP/1.1 OPTIONS http://localhost:5002/api/Employee/GetAllEmployee - 204 null null 0.2114ms
2024-12-20 14:56:55.636 +05:30  INF  Request starting HTTP/1.1 GET http://localhost:5002/api/Employee/GetAllEmployee - null null
2024-12-20 14:56:55.636 +05:30  INF  CORS policy execution successful.
2024-12-20 14:56:55.637 +05:30  INF  Executing endpoint 'SampleWebAPI_Task1.Controllers.EmployeeController.GetAllEmployee (SampleWebAPI_Task1)'
2024-12-20 14:56:55.637 +05:30  INF  Route matched with {action = "GetAllEmployee", controller = "Employee"}. Executing controller action with signature Microsoft.AspNetCore.Mvc.IActionResult GetAllEmployee() on controller SampleWebAPI_Task1.Controllers.EmployeeController (SampleWebAPI_Task1).
2024-12-20 14:56:55.638 +05:30  INF  Executed DbCommand (0ms) [Parameters=[], CommandType='"Text"', CommandTimeout='30']
SELECT [e].[EmployeeID], [e].[Dept], [e].[Gender], [e].[Name]
FROM [Employees] AS [e]
2024-12-20 14:56:55.638 +05:30  INF  Executing OkObjectResult, writing value of type 'System.Linq.Enumerable+SelectListIterator`2[[SampleWebAPI_Task1.Models.Employee, SampleWebAPI_Task1, Version=1.0.0.0, Culture=neutral, PublicKeyToken=null],[SampleWebAPI_Task1.Models.EmployeeDto, SampleWebAPI_Task1, Version=1.0.0.0, Culture=neutral, PublicKeyToken=null]]'.
2024-12-20 14:56:55.638 +05:30  INF  Executed action SampleWebAPI_Task1.Controllers.EmployeeController.GetAllEmployee (SampleWebAPI_Task1) in 1.7206ms
2024-12-20 14:56:55.638 +05:30  INF  Executed endpoint 'SampleWebAPI_Task1.Controllers.EmployeeController.GetAllEmployee (SampleWebAPI_Task1)'
2024-12-20 14:56:55.638 +05:30  INF  Request finished HTTP/1.1 GET http://localhost:5002/api/Employee/GetAllEmployee - 200 null application/json; charset=utf-8 2.6945ms
2024-12-20 14:57:17.907 +05:30  INF  Request starting HTTP/1.1 OPTIONS http://localhost:5002/api/Employee/GetAllEmployee - null null
2024-12-20 14:57:17.907 +05:30  INF  CORS policy execution successful.
2024-12-20 14:57:17.907 +05:30  INF  Request finished HTTP/1.1 OPTIONS http://localhost:5002/api/Employee/GetAllEmployee - 204 null null 0.3019ms
2024-12-20 14:57:17.908 +05:30  INF  Request starting HTTP/1.1 OPTIONS http://localhost:5002/api/Employee/GetAllEmployee - null null
2024-12-20 14:57:17.909 +05:30  INF  CORS policy execution successful.
2024-12-20 14:57:17.909 +05:30  INF  Request finished HTTP/1.1 OPTIONS http://localhost:5002/api/Employee/GetAllEmployee - 204 null null 1.2498ms
2024-12-20 14:57:17.914 +05:30  INF  Request starting HTTP/1.1 GET http://localhost:5002/api/Employee/GetAllEmployee - null null
2024-12-20 14:57:17.915 +05:30  INF  CORS policy execution successful.
2024-12-20 14:57:17.916 +05:30  INF  Executing endpoint 'SampleWebAPI_Task1.Controllers.EmployeeController.GetAllEmployee (SampleWebAPI_Task1)'
2024-12-20 14:57:17.916 +05:30  INF  Route matched with {action = "GetAllEmployee", controller = "Employee"}. Executing controller action with signature Microsoft.AspNetCore.Mvc.IActionResult GetAllEmployee() on controller SampleWebAPI_Task1.Controllers.EmployeeController (SampleWebAPI_Task1).
2024-12-20 14:57:17.921 +05:30  INF  Executed DbCommand (0ms) [Parameters=[], CommandType='"Text"', CommandTimeout='30']
SELECT [e].[EmployeeID], [e].[Dept], [e].[Gender], [e].[Name]
FROM [Employees] AS [e]
2024-12-20 14:57:17.921 +05:30  INF  Executing OkObjectResult, writing value of type 'System.Linq.Enumerable+SelectListIterator`2[[SampleWebAPI_Task1.Models.Employee, SampleWebAPI_Task1, Version=1.0.0.0, Culture=neutral, PublicKeyToken=null],[SampleWebAPI_Task1.Models.EmployeeDto, SampleWebAPI_Task1, Version=1.0.0.0, Culture=neutral, PublicKeyToken=null]]'.
2024-12-20 14:57:17.922 +05:30  INF  Executed action SampleWebAPI_Task1.Controllers.EmployeeController.GetAllEmployee (SampleWebAPI_Task1) in 5.8474ms
2024-12-20 14:57:17.922 +05:30  INF  Executed endpoint 'SampleWebAPI_Task1.Controllers.EmployeeController.GetAllEmployee (SampleWebAPI_Task1)'
2024-12-20 14:57:17.922 +05:30  INF  Request finished HTTP/1.1 GET http://localhost:5002/api/Employee/GetAllEmployee - 200 null application/json; charset=utf-8 8.9284ms
2024-12-20 14:57:17.923 +05:30  INF  Request starting HTTP/1.1 GET http://localhost:5002/api/Employee/GetAllEmployee - null null
2024-12-20 14:57:17.923 +05:30  INF  CORS policy execution successful.
2024-12-20 14:57:17.923 +05:30  INF  Executing endpoint 'SampleWebAPI_Task1.Controllers.EmployeeController.GetAllEmployee (SampleWebAPI_Task1)'
2024-12-20 14:57:17.923 +05:30  INF  Route matched with {action = "GetAllEmployee", controller = "Employee"}. Executing controller action with signature Microsoft.AspNetCore.Mvc.IActionResult GetAllEmployee() on controller SampleWebAPI_Task1.Controllers.EmployeeController (SampleWebAPI_Task1).
2024-12-20 14:57:17.924 +05:30  INF  Executed DbCommand (1ms) [Parameters=[], CommandType='"Text"', CommandTimeout='30']
SELECT [e].[EmployeeID], [e].[Dept], [e].[Gender], [e].[Name]
FROM [Employees] AS [e]
2024-12-20 14:57:17.925 +05:30  INF  Executing OkObjectResult, writing value of type 'System.Linq.Enumerable+SelectListIterator`2[[SampleWebAPI_Task1.Models.Employee, SampleWebAPI_Task1, Version=1.0.0.0, Culture=neutral, PublicKeyToken=null],[SampleWebAPI_Task1.Models.EmployeeDto, SampleWebAPI_Task1, Version=1.0.0.0, Culture=neutral, PublicKeyToken=null]]'.
2024-12-20 14:57:17.925 +05:30  INF  Executed action SampleWebAPI_Task1.Controllers.EmployeeController.GetAllEmployee (SampleWebAPI_Task1) in 1.7562ms
2024-12-20 14:57:17.925 +05:30  INF  Executed endpoint 'SampleWebAPI_Task1.Controllers.EmployeeController.GetAllEmployee (SampleWebAPI_Task1)'
2024-12-20 14:57:17.925 +05:30  INF  Request finished HTTP/1.1 GET http://localhost:5002/api/Employee/GetAllEmployee - 200 null application/json; charset=utf-8 2.2754ms
2024-12-20 14:57:28.706 +05:30  INF  Request starting HTTP/1.1 OPTIONS http://localhost:5002/api/Employee/GetAllEmployee - null null
2024-12-20 14:57:28.707 +05:30  INF  CORS policy execution successful.
2024-12-20 14:57:28.707 +05:30  INF  Request finished HTTP/1.1 OPTIONS http://localhost:5002/api/Employee/GetAllEmployee - 204 null null 0.5312ms
2024-12-20 14:57:28.707 +05:30  INF  Request starting HTTP/1.1 OPTIONS http://localhost:5002/api/Employee/GetAllEmployee - null null
2024-12-20 14:57:28.708 +05:30  INF  CORS policy execution successful.
2024-12-20 14:57:28.709 +05:30  INF  Request finished HTTP/1.1 OPTIONS http://localhost:5002/api/Employee/GetAllEmployee - 204 null null 0.261ms
2024-12-20 14:57:28.709 +05:30  INF  Request starting HTTP/1.1 GET http://localhost:5002/api/Employee/GetAllEmployee - null null
2024-12-20 14:57:28.712 +05:30  INF  CORS policy execution successful.
2024-12-20 14:57:28.713 +05:30  INF  Executing endpoint 'SampleWebAPI_Task1.Controllers.EmployeeController.GetAllEmployee (SampleWebAPI_Task1)'
2024-12-20 14:57:28.714 +05:30  INF  Route matched with {action = "GetAllEmployee", controller = "Employee"}. Executing controller action with signature Microsoft.AspNetCore.Mvc.IActionResult GetAllEmployee() on controller SampleWebAPI_Task1.Controllers.EmployeeController (SampleWebAPI_Task1).
2024-12-20 14:57:28.720 +05:30  INF  Executed DbCommand (0ms) [Parameters=[], CommandType='"Text"', CommandTimeout='30']
SELECT [e].[EmployeeID], [e].[Dept], [e].[Gender], [e].[Name]
FROM [Employees] AS [e]
2024-12-20 14:57:28.720 +05:30  INF  Executing OkObjectResult, writing value of type 'System.Linq.Enumerable+SelectListIterator`2[[SampleWebAPI_Task1.Models.Employee, SampleWebAPI_Task1, Version=1.0.0.0, Culture=neutral, PublicKeyToken=null],[SampleWebAPI_Task1.Models.EmployeeDto, SampleWebAPI_Task1, Version=1.0.0.0, Culture=neutral, PublicKeyToken=null]]'.
2024-12-20 14:57:28.720 +05:30  INF  Executed action SampleWebAPI_Task1.Controllers.EmployeeController.GetAllEmployee (SampleWebAPI_Task1) in 6.4626ms
2024-12-20 14:57:28.720 +05:30  INF  Executed endpoint 'SampleWebAPI_Task1.Controllers.EmployeeController.GetAllEmployee (SampleWebAPI_Task1)'
2024-12-20 14:57:28.720 +05:30  INF  Request finished HTTP/1.1 GET http://localhost:5002/api/Employee/GetAllEmployee - 200 null application/json; charset=utf-8 11.4331ms
2024-12-20 14:57:28.721 +05:30  INF  Request starting HTTP/1.1 GET http://localhost:5002/api/Employee/GetAllEmployee - null null
2024-12-20 14:57:28.721 +05:30  INF  CORS policy execution successful.
2024-12-20 14:57:28.722 +05:30  INF  Executing endpoint 'SampleWebAPI_Task1.Controllers.EmployeeController.GetAllEmployee (SampleWebAPI_Task1)'
2024-12-20 14:57:28.722 +05:30  INF  Route matched with {action = "GetAllEmployee", controller = "Employee"}. Executing controller action with signature Microsoft.AspNetCore.Mvc.IActionResult GetAllEmployee() on controller SampleWebAPI_Task1.Controllers.EmployeeController (SampleWebAPI_Task1).
2024-12-20 14:57:28.722 +05:30  INF  Executed DbCommand (0ms) [Parameters=[], CommandType='"Text"', CommandTimeout='30']
SELECT [e].[EmployeeID], [e].[Dept], [e].[Gender], [e].[Name]
FROM [Employees] AS [e]
2024-12-20 14:57:28.723 +05:30  INF  Executing OkObjectResult, writing value of type 'System.Linq.Enumerable+SelectListIterator`2[[SampleWebAPI_Task1.Models.Employee, SampleWebAPI_Task1, Version=1.0.0.0, Culture=neutral, PublicKeyToken=null],[SampleWebAPI_Task1.Models.EmployeeDto, SampleWebAPI_Task1, Version=1.0.0.0, Culture=neutral, PublicKeyToken=null]]'.
2024-12-20 14:57:28.723 +05:30  INF  Executed action SampleWebAPI_Task1.Controllers.EmployeeController.GetAllEmployee (SampleWebAPI_Task1) in 1.1432ms
2024-12-20 14:57:28.723 +05:30  INF  Executed endpoint 'SampleWebAPI_Task1.Controllers.EmployeeController.GetAllEmployee (SampleWebAPI_Task1)'
2024-12-20 14:57:28.723 +05:30  INF  Request finished HTTP/1.1 GET http://localhost:5002/api/Employee/GetAllEmployee - 200 null application/json; charset=utf-8 1.608ms
2024-12-20 14:58:08.909 +05:30  INF  Request starting HTTP/1.1 OPTIONS http://localhost:5002/api/Employee/GetAllEmployee - null null
2024-12-20 14:58:08.909 +05:30  INF  CORS policy execution successful.
2024-12-20 14:58:08.909 +05:30  INF  Request finished HTTP/1.1 OPTIONS http://localhost:5002/api/Employee/GetAllEmployee - 204 null null 0.4836ms
2024-12-20 14:58:08.913 +05:30  INF  Request starting HTTP/1.1 GET http://localhost:5002/api/Employee/GetAllEmployee - null null
2024-12-20 14:58:08.921 +05:30  INF  CORS policy execution successful.
2024-12-20 14:58:08.921 +05:30  INF  Executing endpoint 'SampleWebAPI_Task1.Controllers.EmployeeController.GetAllEmployee (SampleWebAPI_Task1)'
2024-12-20 14:58:08.921 +05:30  INF  Route matched with {action = "GetAllEmployee", controller = "Employee"}. Executing controller action with signature Microsoft.AspNetCore.Mvc.IActionResult GetAllEmployee() on controller SampleWebAPI_Task1.Controllers.EmployeeController (SampleWebAPI_Task1).
2024-12-20 14:58:08.936 +05:30  INF  Executed DbCommand (14ms) [Parameters=[], CommandType='"Text"', CommandTimeout='30']
SELECT [e].[EmployeeID], [e].[Dept], [e].[Gender], [e].[Name]
FROM [Employees] AS [e]
2024-12-20 14:58:08.937 +05:30  INF  Executing OkObjectResult, writing value of type 'System.Linq.Enumerable+SelectListIterator`2[[SampleWebAPI_Task1.Models.Employee, SampleWebAPI_Task1, Version=1.0.0.0, Culture=neutral, PublicKeyToken=null],[SampleWebAPI_Task1.Models.EmployeeDto, SampleWebAPI_Task1, Version=1.0.0.0, Culture=neutral, PublicKeyToken=null]]'.
2024-12-20 14:58:08.937 +05:30  INF  Executed action SampleWebAPI_Task1.Controllers.EmployeeController.GetAllEmployee (SampleWebAPI_Task1) in 15.7413ms
2024-12-20 14:58:08.937 +05:30  INF  Executed endpoint 'SampleWebAPI_Task1.Controllers.EmployeeController.GetAllEmployee (SampleWebAPI_Task1)'
2024-12-20 14:58:08.937 +05:30  INF  Request finished HTTP/1.1 GET http://localhost:5002/api/Employee/GetAllEmployee - 200 null application/json; charset=utf-8 23.7641ms
2024-12-20 14:59:15.486 +05:30  INF  Request starting HTTP/1.1 OPTIONS http://localhost:5002/api/Employee/GetAllEmployee - null null
2024-12-20 14:59:15.486 +05:30  INF  CORS policy execution successful.
2024-12-20 14:59:15.486 +05:30  INF  Request finished HTTP/1.1 OPTIONS http://localhost:5002/api/Employee/GetAllEmployee - 204 null null 0.4623ms
2024-12-20 14:59:15.489 +05:30  INF  Request starting HTTP/1.1 GET http://localhost:5002/api/Employee/GetAllEmployee - null null
2024-12-20 14:59:15.499 +05:30  INF  CORS policy execution successful.
2024-12-20 14:59:15.499 +05:30  INF  Executing endpoint 'SampleWebAPI_Task1.Controllers.EmployeeController.GetAllEmployee (SampleWebAPI_Task1)'
2024-12-20 14:59:15.501 +05:30  INF  Route matched with {action = "GetAllEmployee", controller = "Employee"}. Executing controller action with signature Microsoft.AspNetCore.Mvc.IActionResult GetAllEmployee() on controller SampleWebAPI_Task1.Controllers.EmployeeController (SampleWebAPI_Task1).
2024-12-20 14:59:15.517 +05:30  INF  Executed DbCommand (13ms) [Parameters=[], CommandType='"Text"', CommandTimeout='30']
SELECT [e].[EmployeeID], [e].[Dept], [e].[Gender], [e].[Name]
FROM [Employees] AS [e]
2024-12-20 14:59:15.517 +05:30  INF  Executing OkObjectResult, writing value of type 'System.Linq.Enumerable+SelectListIterator`2[[SampleWebAPI_Task1.Models.Employee, SampleWebAPI_Task1, Version=1.0.0.0, Culture=neutral, PublicKeyToken=null],[SampleWebAPI_Task1.Models.EmployeeDto, SampleWebAPI_Task1, Version=1.0.0.0, Culture=neutral, PublicKeyToken=null]]'.
2024-12-20 14:59:15.518 +05:30  INF  Executed action SampleWebAPI_Task1.Controllers.EmployeeController.GetAllEmployee (SampleWebAPI_Task1) in 16.6297ms
2024-12-20 14:59:15.518 +05:30  INF  Executed endpoint 'SampleWebAPI_Task1.Controllers.EmployeeController.GetAllEmployee (SampleWebAPI_Task1)'
2024-12-20 14:59:15.518 +05:30  INF  Request finished HTTP/1.1 GET http://localhost:5002/api/Employee/GetAllEmployee - 200 null application/json; charset=utf-8 29.0754ms
2024-12-20 14:59:19.208 +05:30  INF  Request starting HTTP/1.1 GET http://localhost:5002/api/Employee/GetAllEmployee - null null
2024-12-20 14:59:19.208 +05:30  INF  CORS policy execution successful.
2024-12-20 14:59:19.208 +05:30  INF  Executing endpoint 'SampleWebAPI_Task1.Controllers.EmployeeController.GetAllEmployee (SampleWebAPI_Task1)'
2024-12-20 14:59:19.208 +05:30  INF  Route matched with {action = "GetAllEmployee", controller = "Employee"}. Executing controller action with signature Microsoft.AspNetCore.Mvc.IActionResult GetAllEmployee() on controller SampleWebAPI_Task1.Controllers.EmployeeController (SampleWebAPI_Task1).
2024-12-20 14:59:19.210 +05:30  INF  Executed DbCommand (1ms) [Parameters=[], CommandType='"Text"', CommandTimeout='30']
SELECT [e].[EmployeeID], [e].[Dept], [e].[Gender], [e].[Name]
FROM [Employees] AS [e]
2024-12-20 14:59:19.210 +05:30  INF  Executing OkObjectResult, writing value of type 'System.Linq.Enumerable+SelectListIterator`2[[SampleWebAPI_Task1.Models.Employee, SampleWebAPI_Task1, Version=1.0.0.0, Culture=neutral, PublicKeyToken=null],[SampleWebAPI_Task1.Models.EmployeeDto, SampleWebAPI_Task1, Version=1.0.0.0, Culture=neutral, PublicKeyToken=null]]'.
2024-12-20 14:59:19.210 +05:30  INF  Executed action SampleWebAPI_Task1.Controllers.EmployeeController.GetAllEmployee (SampleWebAPI_Task1) in 1.6899ms
2024-12-20 14:59:19.210 +05:30  INF  Executed endpoint 'SampleWebAPI_Task1.Controllers.EmployeeController.GetAllEmployee (SampleWebAPI_Task1)'
2024-12-20 14:59:19.210 +05:30  INF  Request finished HTTP/1.1 GET http://localhost:5002/api/Employee/GetAllEmployee - 200 null application/json; charset=utf-8 2.2764ms
2024-12-20 14:59:19.212 +05:30  INF  Request starting HTTP/1.1 GET http://localhost:5002/api/Employee/GetAllEmployee - null null
2024-12-20 14:59:19.212 +05:30  INF  CORS policy execution successful.
2024-12-20 14:59:19.212 +05:30  INF  Executing endpoint 'SampleWebAPI_Task1.Controllers.EmployeeController.GetAllEmployee (SampleWebAPI_Task1)'
2024-12-20 14:59:19.212 +05:30  INF  Route matched with {action = "GetAllEmployee", controller = "Employee"}. Executing controller action with signature Microsoft.AspNetCore.Mvc.IActionResult GetAllEmployee() on controller SampleWebAPI_Task1.Controllers.EmployeeController (SampleWebAPI_Task1).
2024-12-20 14:59:19.214 +05:30  INF  Executed DbCommand (1ms) [Parameters=[], CommandType='"Text"', CommandTimeout='30']
SELECT [e].[EmployeeID], [e].[Dept], [e].[Gender], [e].[Name]
FROM [Employees] AS [e]
2024-12-20 14:59:19.214 +05:30  INF  Executing OkObjectResult, writing value of type 'System.Linq.Enumerable+SelectListIterator`2[[SampleWebAPI_Task1.Models.Employee, SampleWebAPI_Task1, Version=1.0.0.0, Culture=neutral, PublicKeyToken=null],[SampleWebAPI_Task1.Models.EmployeeDto, SampleWebAPI_Task1, Version=1.0.0.0, Culture=neutral, PublicKeyToken=null]]'.
2024-12-20 14:59:19.214 +05:30  INF  Executed action SampleWebAPI_Task1.Controllers.EmployeeController.GetAllEmployee (SampleWebAPI_Task1) in 1.9079ms
2024-12-20 14:59:19.214 +05:30  INF  Executed endpoint 'SampleWebAPI_Task1.Controllers.EmployeeController.GetAllEmployee (SampleWebAPI_Task1)'
2024-12-20 14:59:19.214 +05:30  INF  Request finished HTTP/1.1 GET http://localhost:5002/api/Employee/GetAllEmployee - 200 null application/json; charset=utf-8 2.6491ms
2024-12-20 14:59:39.615 +05:30  INF  Request starting HTTP/1.1 OPTIONS http://localhost:5002/api/Employee/GetAllEmployee - null null
2024-12-20 14:59:39.615 +05:30  INF  CORS policy execution successful.
2024-12-20 14:59:39.616 +05:30  INF  Request starting HTTP/1.1 OPTIONS http://localhost:5002/api/Employee/GetAllEmployee - null null
2024-12-20 14:59:39.616 +05:30  INF  Request finished HTTP/1.1 OPTIONS http://localhost:5002/api/Employee/GetAllEmployee - 204 null null 0.2419ms
2024-12-20 14:59:39.616 +05:30  INF  CORS policy execution successful.
2024-12-20 14:59:39.616 +05:30  INF  Request finished HTTP/1.1 OPTIONS http://localhost:5002/api/Employee/GetAllEmployee - 204 null null 1.0973ms
2024-12-20 14:59:39.620 +05:30  INF  Request starting HTTP/1.1 GET http://localhost:5002/api/Employee/GetAllEmployee - null null
2024-12-20 14:59:39.624 +05:30  INF  CORS policy execution successful.
2024-12-20 14:59:39.624 +05:30  INF  Executing endpoint 'SampleWebAPI_Task1.Controllers.EmployeeController.GetAllEmployee (SampleWebAPI_Task1)'
2024-12-20 14:59:39.624 +05:30  INF  Route matched with {action = "GetAllEmployee", controller = "Employee"}. Executing controller action with signature Microsoft.AspNetCore.Mvc.IActionResult GetAllEmployee() on controller SampleWebAPI_Task1.Controllers.EmployeeController (SampleWebAPI_Task1).
2024-12-20 14:59:39.659 +05:30  INF  Executed DbCommand (1ms) [Parameters=[], CommandType='"Text"', CommandTimeout='30']
SELECT [e].[EmployeeID], [e].[Dept], [e].[Gender], [e].[Name]
FROM [Employees] AS [e]
2024-12-20 14:59:39.660 +05:30  INF  Executing OkObjectResult, writing value of type 'System.Linq.Enumerable+SelectListIterator`2[[SampleWebAPI_Task1.Models.Employee, SampleWebAPI_Task1, Version=1.0.0.0, Culture=neutral, PublicKeyToken=null],[SampleWebAPI_Task1.Models.EmployeeDto, SampleWebAPI_Task1, Version=1.0.0.0, Culture=neutral, PublicKeyToken=null]]'.
2024-12-20 14:59:39.660 +05:30  INF  Executed action SampleWebAPI_Task1.Controllers.EmployeeController.GetAllEmployee (SampleWebAPI_Task1) in 35.9647ms
2024-12-20 14:59:39.660 +05:30  INF  Executed endpoint 'SampleWebAPI_Task1.Controllers.EmployeeController.GetAllEmployee (SampleWebAPI_Task1)'
2024-12-20 14:59:39.660 +05:30  INF  Request finished HTTP/1.1 GET http://localhost:5002/api/Employee/GetAllEmployee - 200 null application/json; charset=utf-8 39.9848ms
2024-12-20 14:59:39.662 +05:30  INF  Request starting HTTP/1.1 GET http://localhost:5002/api/Employee/GetAllEmployee - null null
2024-12-20 14:59:39.662 +05:30  INF  CORS policy execution successful.
2024-12-20 14:59:39.662 +05:30  INF  Executing endpoint 'SampleWebAPI_Task1.Controllers.EmployeeController.GetAllEmployee (SampleWebAPI_Task1)'
2024-12-20 14:59:39.662 +05:30  INF  Route matched with {action = "GetAllEmployee", controller = "Employee"}. Executing controller action with signature Microsoft.AspNetCore.Mvc.IActionResult GetAllEmployee() on controller SampleWebAPI_Task1.Controllers.EmployeeController (SampleWebAPI_Task1).
2024-12-20 14:59:39.663 +05:30  INF  Executed DbCommand (1ms) [Parameters=[], CommandType='"Text"', CommandTimeout='30']
SELECT [e].[EmployeeID], [e].[Dept], [e].[Gender], [e].[Name]
FROM [Employees] AS [e]
2024-12-20 14:59:39.664 +05:30  INF  Executing OkObjectResult, writing value of type 'System.Linq.Enumerable+SelectListIterator`2[[SampleWebAPI_Task1.Models.Employee, SampleWebAPI_Task1, Version=1.0.0.0, Culture=neutral, PublicKeyToken=null],[SampleWebAPI_Task1.Models.EmployeeDto, SampleWebAPI_Task1, Version=1.0.0.0, Culture=neutral, PublicKeyToken=null]]'.
2024-12-20 14:59:39.664 +05:30  INF  Executed action SampleWebAPI_Task1.Controllers.EmployeeController.GetAllEmployee (SampleWebAPI_Task1) in 1.6104ms
2024-12-20 14:59:39.664 +05:30  INF  Executed endpoint 'SampleWebAPI_Task1.Controllers.EmployeeController.GetAllEmployee (SampleWebAPI_Task1)'
2024-12-20 14:59:39.664 +05:30  INF  Request finished HTTP/1.1 GET http://localhost:5002/api/Employee/GetAllEmployee - 200 null application/json; charset=utf-8 2.1911ms
2024-12-20 15:00:15.555 +05:30  INF  Request starting HTTP/1.1 OPTIONS http://localhost:5002/api/Employee/GetAllEmployee - null null
2024-12-20 15:00:15.555 +05:30  INF  CORS policy execution successful.
2024-12-20 15:00:15.555 +05:30  INF  Request finished HTTP/1.1 OPTIONS http://localhost:5002/api/Employee/GetAllEmployee - 204 null null 0.3607ms
2024-12-20 15:00:15.557 +05:30  INF  Request starting HTTP/1.1 GET http://localhost:5002/api/Employee/GetAllEmployee - null null
2024-12-20 15:00:15.563 +05:30  INF  CORS policy execution successful.
2024-12-20 15:00:15.563 +05:30  INF  Executing endpoint 'SampleWebAPI_Task1.Controllers.EmployeeController.GetAllEmployee (SampleWebAPI_Task1)'
2024-12-20 15:00:15.563 +05:30  INF  Route matched with {action = "GetAllEmployee", controller = "Employee"}. Executing controller action with signature Microsoft.AspNetCore.Mvc.IActionResult GetAllEmployee() on controller SampleWebAPI_Task1.Controllers.EmployeeController (SampleWebAPI_Task1).
2024-12-20 15:00:15.574 +05:30  INF  Executed DbCommand (10ms) [Parameters=[], CommandType='"Text"', CommandTimeout='30']
SELECT [e].[EmployeeID], [e].[Dept], [e].[Gender], [e].[Name]
FROM [Employees] AS [e]
2024-12-20 15:00:15.574 +05:30  INF  Executing OkObjectResult, writing value of type 'System.Linq.Enumerable+SelectListIterator`2[[SampleWebAPI_Task1.Models.Employee, SampleWebAPI_Task1, Version=1.0.0.0, Culture=neutral, PublicKeyToken=null],[SampleWebAPI_Task1.Models.EmployeeDto, SampleWebAPI_Task1, Version=1.0.0.0, Culture=neutral, PublicKeyToken=null]]'.
2024-12-20 15:00:15.574 +05:30  INF  Executed action SampleWebAPI_Task1.Controllers.EmployeeController.GetAllEmployee (SampleWebAPI_Task1) in 11.3836ms
2024-12-20 15:00:15.574 +05:30  INF  Executed endpoint 'SampleWebAPI_Task1.Controllers.EmployeeController.GetAllEmployee (SampleWebAPI_Task1)'
2024-12-20 15:00:15.574 +05:30  INF  Request finished HTTP/1.1 GET http://localhost:5002/api/Employee/GetAllEmployee - 200 null application/json; charset=utf-8 17.7963ms
2024-12-20 15:00:21.067 +05:30  INF  Request starting HTTP/1.1 OPTIONS http://localhost:5002/api/Employee/GetAllEmployee - null null
2024-12-20 15:00:21.067 +05:30  INF  CORS policy execution successful.
2024-12-20 15:00:21.067 +05:30  INF  Request finished HTTP/1.1 OPTIONS http://localhost:5002/api/Employee/GetAllEmployee - 204 null null 0.4434ms
2024-12-20 15:00:21.070 +05:30  INF  Request starting HTTP/1.1 OPTIONS http://localhost:5002/api/Employee/GetAllEmployee - null null
2024-12-20 15:00:21.070 +05:30  INF  Request starting HTTP/1.1 GET http://localhost:5002/api/Employee/GetAllEmployee - null null
2024-12-20 15:00:21.070 +05:30  INF  CORS policy execution successful.
2024-12-20 15:00:21.075 +05:30  INF  Request finished HTTP/1.1 OPTIONS http://localhost:5002/api/Employee/GetAllEmployee - 204 null null 4.8847ms
2024-12-20 15:00:21.077 +05:30  INF  CORS policy execution successful.
2024-12-20 15:00:21.077 +05:30  INF  Executing endpoint 'SampleWebAPI_Task1.Controllers.EmployeeController.GetAllEmployee (SampleWebAPI_Task1)'
2024-12-20 15:00:21.077 +05:30  INF  Route matched with {action = "GetAllEmployee", controller = "Employee"}. Executing controller action with signature Microsoft.AspNetCore.Mvc.IActionResult GetAllEmployee() on controller SampleWebAPI_Task1.Controllers.EmployeeController (SampleWebAPI_Task1).
2024-12-20 15:00:21.080 +05:30  INF  Executed DbCommand (0ms) [Parameters=[], CommandType='"Text"', CommandTimeout='30']
SELECT [e].[EmployeeID], [e].[Dept], [e].[Gender], [e].[Name]
FROM [Employees] AS [e]
2024-12-20 15:00:21.080 +05:30  INF  Executing OkObjectResult, writing value of type 'System.Linq.Enumerable+SelectListIterator`2[[SampleWebAPI_Task1.Models.Employee, SampleWebAPI_Task1, Version=1.0.0.0, Culture=neutral, PublicKeyToken=null],[SampleWebAPI_Task1.Models.EmployeeDto, SampleWebAPI_Task1, Version=1.0.0.0, Culture=neutral, PublicKeyToken=null]]'.
2024-12-20 15:00:21.080 +05:30  INF  Executed action SampleWebAPI_Task1.Controllers.EmployeeController.GetAllEmployee (SampleWebAPI_Task1) in 3.3622ms
2024-12-20 15:00:21.080 +05:30  INF  Executed endpoint 'SampleWebAPI_Task1.Controllers.EmployeeController.GetAllEmployee (SampleWebAPI_Task1)'
2024-12-20 15:00:21.080 +05:30  INF  Request finished HTTP/1.1 GET http://localhost:5002/api/Employee/GetAllEmployee - 200 null application/json; charset=utf-8 10.6302ms
2024-12-20 15:00:21.083 +05:30  INF  Request starting HTTP/1.1 GET http://localhost:5002/api/Employee/GetAllEmployee - null null
2024-12-20 15:00:21.083 +05:30  INF  CORS policy execution successful.
2024-12-20 15:00:21.083 +05:30  INF  Executing endpoint 'SampleWebAPI_Task1.Controllers.EmployeeController.GetAllEmployee (SampleWebAPI_Task1)'
2024-12-20 15:00:21.083 +05:30  INF  Route matched with {action = "GetAllEmployee", controller = "Employee"}. Executing controller action with signature Microsoft.AspNetCore.Mvc.IActionResult GetAllEmployee() on controller SampleWebAPI_Task1.Controllers.EmployeeController (SampleWebAPI_Task1).
2024-12-20 15:00:21.084 +05:30  INF  Executed DbCommand (0ms) [Parameters=[], CommandType='"Text"', CommandTimeout='30']
SELECT [e].[EmployeeID], [e].[Dept], [e].[Gender], [e].[Name]
FROM [Employees] AS [e]
2024-12-20 15:00:21.084 +05:30  INF  Executing OkObjectResult, writing value of type 'System.Linq.Enumerable+SelectListIterator`2[[SampleWebAPI_Task1.Models.Employee, SampleWebAPI_Task1, Version=1.0.0.0, Culture=neutral, PublicKeyToken=null],[SampleWebAPI_Task1.Models.EmployeeDto, SampleWebAPI_Task1, Version=1.0.0.0, Culture=neutral, PublicKeyToken=null]]'.
2024-12-20 15:00:21.084 +05:30  INF  Executed action SampleWebAPI_Task1.Controllers.EmployeeController.GetAllEmployee (SampleWebAPI_Task1) in 1.3849ms
2024-12-20 15:00:21.084 +05:30  INF  Executed endpoint 'SampleWebAPI_Task1.Controllers.EmployeeController.GetAllEmployee (SampleWebAPI_Task1)'
2024-12-20 15:00:21.085 +05:30  INF  Request finished HTTP/1.1 GET http://localhost:5002/api/Employee/GetAllEmployee - 200 null application/json; charset=utf-8 1.858ms
2024-12-20 15:00:35.464 +05:30  INF  Request starting HTTP/1.1 OPTIONS http://localhost:5002/api/Employee/GetAllEmployee - null null
2024-12-20 15:00:35.464 +05:30  INF  CORS policy execution successful.
2024-12-20 15:00:35.464 +05:30  INF  Request finished HTTP/1.1 OPTIONS http://localhost:5002/api/Employee/GetAllEmployee - 204 null null 0.2185ms
2024-12-20 15:00:35.464 +05:30  INF  Request starting HTTP/1.1 OPTIONS http://localhost:5002/api/Employee/GetAllEmployee - null null
2024-12-20 15:00:35.465 +05:30  INF  CORS policy execution successful.
2024-12-20 15:00:35.465 +05:30  INF  Request finished HTTP/1.1 OPTIONS http://localhost:5002/api/Employee/GetAllEmployee - 204 null null 0.1964ms
2024-12-20 15:00:35.466 +05:30  INF  Request starting HTTP/1.1 GET http://localhost:5002/api/Employee/GetAllEmployee - null null
2024-12-20 15:00:35.466 +05:30  INF  CORS policy execution successful.
2024-12-20 15:00:35.466 +05:30  INF  Executing endpoint 'SampleWebAPI_Task1.Controllers.EmployeeController.GetAllEmployee (SampleWebAPI_Task1)'
2024-12-20 15:00:35.466 +05:30  INF  Route matched with {action = "GetAllEmployee", controller = "Employee"}. Executing controller action with signature Microsoft.AspNetCore.Mvc.IActionResult GetAllEmployee() on controller SampleWebAPI_Task1.Controllers.EmployeeController (SampleWebAPI_Task1).
2024-12-20 15:00:35.468 +05:30  INF  Executed DbCommand (1ms) [Parameters=[], CommandType='"Text"', CommandTimeout='30']
SELECT [e].[EmployeeID], [e].[Dept], [e].[Gender], [e].[Name]
FROM [Employees] AS [e]
2024-12-20 15:00:35.468 +05:30  INF  Executing OkObjectResult, writing value of type 'System.Linq.Enumerable+SelectListIterator`2[[SampleWebAPI_Task1.Models.Employee, SampleWebAPI_Task1, Version=1.0.0.0, Culture=neutral, PublicKeyToken=null],[SampleWebAPI_Task1.Models.EmployeeDto, SampleWebAPI_Task1, Version=1.0.0.0, Culture=neutral, PublicKeyToken=null]]'.
2024-12-20 15:00:35.468 +05:30  INF  Executed action SampleWebAPI_Task1.Controllers.EmployeeController.GetAllEmployee (SampleWebAPI_Task1) in 1.7085ms
2024-12-20 15:00:35.468 +05:30  INF  Executed endpoint 'SampleWebAPI_Task1.Controllers.EmployeeController.GetAllEmployee (SampleWebAPI_Task1)'
2024-12-20 15:00:35.468 +05:30  INF  Request finished HTTP/1.1 GET http://localhost:5002/api/Employee/GetAllEmployee - 200 null application/json; charset=utf-8 2.0442ms
2024-12-20 15:00:35.470 +05:30  INF  Request starting HTTP/1.1 GET http://localhost:5002/api/Employee/GetAllEmployee - null null
2024-12-20 15:00:35.470 +05:30  INF  CORS policy execution successful.
2024-12-20 15:00:35.470 +05:30  INF  Executing endpoint 'SampleWebAPI_Task1.Controllers.EmployeeController.GetAllEmployee (SampleWebAPI_Task1)'
2024-12-20 15:00:35.470 +05:30  INF  Route matched with {action = "GetAllEmployee", controller = "Employee"}. Executing controller action with signature Microsoft.AspNetCore.Mvc.IActionResult GetAllEmployee() on controller SampleWebAPI_Task1.Controllers.EmployeeController (SampleWebAPI_Task1).
2024-12-20 15:00:35.471 +05:30  INF  Executed DbCommand (0ms) [Parameters=[], CommandType='"Text"', CommandTimeout='30']
SELECT [e].[EmployeeID], [e].[Dept], [e].[Gender], [e].[Name]
FROM [Employees] AS [e]
2024-12-20 15:00:35.471 +05:30  INF  Executing OkObjectResult, writing value of type 'System.Linq.Enumerable+SelectListIterator`2[[SampleWebAPI_Task1.Models.Employee, SampleWebAPI_Task1, Version=1.0.0.0, Culture=neutral, PublicKeyToken=null],[SampleWebAPI_Task1.Models.EmployeeDto, SampleWebAPI_Task1, Version=1.0.0.0, Culture=neutral, PublicKeyToken=null]]'.
2024-12-20 15:00:35.471 +05:30  INF  Executed action SampleWebAPI_Task1.Controllers.EmployeeController.GetAllEmployee (SampleWebAPI_Task1) in 1.5334ms
2024-12-20 15:00:35.472 +05:30  INF  Executed endpoint 'SampleWebAPI_Task1.Controllers.EmployeeController.GetAllEmployee (SampleWebAPI_Task1)'
2024-12-20 15:00:35.472 +05:30  INF  Request finished HTTP/1.1 GET http://localhost:5002/api/Employee/GetAllEmployee - 200 null application/json; charset=utf-8 1.8674ms
2024-12-20 15:22:05.814 +05:30  INF  Request starting HTTP/1.1 OPTIONS http://localhost:5002/api/Employee/GetAllEmployee - null null
2024-12-20 15:22:05.815 +05:30  INF  CORS policy execution successful.
2024-12-20 15:22:05.815 +05:30  INF  Request finished HTTP/1.1 OPTIONS http://localhost:5002/api/Employee/GetAllEmployee - 204 null null 1.2832ms
2024-12-20 15:22:05.815 +05:30  INF  Request starting HTTP/1.1 OPTIONS http://localhost:5002/api/Employee/GetAllEmployee - null null
2024-12-20 15:22:05.815 +05:30  INF  CORS policy execution successful.
2024-12-20 15:22:05.816 +05:30  INF  Request finished HTTP/1.1 OPTIONS http://localhost:5002/api/Employee/GetAllEmployee - 204 null null 0.4915ms
2024-12-20 15:22:05.817 +05:30  INF  Request starting HTTP/1.1 GET http://localhost:5002/api/Employee/GetAllEmployee - null null
2024-12-20 15:22:05.819 +05:30  INF  CORS policy execution successful.
2024-12-20 15:22:05.820 +05:30  INF  Executing endpoint 'SampleWebAPI_Task1.Controllers.EmployeeController.GetAllEmployee (SampleWebAPI_Task1)'
2024-12-20 15:22:05.820 +05:30  INF  Route matched with {action = "GetAllEmployee", controller = "Employee"}. Executing controller action with signature Microsoft.AspNetCore.Mvc.IActionResult GetAllEmployee() on controller SampleWebAPI_Task1.Controllers.EmployeeController (SampleWebAPI_Task1).
2024-12-20 15:22:05.871 +05:30  INF  Executed DbCommand (6ms) [Parameters=[], CommandType='"Text"', CommandTimeout='30']
SELECT [e].[EmployeeID], [e].[Dept], [e].[Gender], [e].[Name]
FROM [Employees] AS [e]
2024-12-20 15:22:05.871 +05:30  INF  Executing OkObjectResult, writing value of type 'System.Linq.Enumerable+SelectListIterator`2[[SampleWebAPI_Task1.Models.Employee, SampleWebAPI_Task1, Version=1.0.0.0, Culture=neutral, PublicKeyToken=null],[SampleWebAPI_Task1.Models.EmployeeDto, SampleWebAPI_Task1, Version=1.0.0.0, Culture=neutral, PublicKeyToken=null]]'.
2024-12-20 15:22:05.871 +05:30  INF  Executed action SampleWebAPI_Task1.Controllers.EmployeeController.GetAllEmployee (SampleWebAPI_Task1) in 50.6968ms
2024-12-20 15:22:05.871 +05:30  INF  Executed endpoint 'SampleWebAPI_Task1.Controllers.EmployeeController.GetAllEmployee (SampleWebAPI_Task1)'
2024-12-20 15:22:05.871 +05:30  INF  Request finished HTTP/1.1 GET http://localhost:5002/api/Employee/GetAllEmployee - 200 null application/json; charset=utf-8 54.0914ms
2024-12-20 15:22:05.872 +05:30  INF  Request starting HTTP/1.1 GET http://localhost:5002/api/Employee/GetAllEmployee - null null
2024-12-20 15:22:05.872 +05:30  INF  CORS policy execution successful.
2024-12-20 15:22:05.872 +05:30  INF  Executing endpoint 'SampleWebAPI_Task1.Controllers.EmployeeController.GetAllEmployee (SampleWebAPI_Task1)'
2024-12-20 15:22:05.872 +05:30  INF  Route matched with {action = "GetAllEmployee", controller = "Employee"}. Executing controller action with signature Microsoft.AspNetCore.Mvc.IActionResult GetAllEmployee() on controller SampleWebAPI_Task1.Controllers.EmployeeController (SampleWebAPI_Task1).
2024-12-20 15:22:05.873 +05:30  INF  Executed DbCommand (0ms) [Parameters=[], CommandType='"Text"', CommandTimeout='30']
SELECT [e].[EmployeeID], [e].[Dept], [e].[Gender], [e].[Name]
FROM [Employees] AS [e]
2024-12-20 15:22:05.873 +05:30  INF  Executing OkObjectResult, writing value of type 'System.Linq.Enumerable+SelectListIterator`2[[SampleWebAPI_Task1.Models.Employee, SampleWebAPI_Task1, Version=1.0.0.0, Culture=neutral, PublicKeyToken=null],[SampleWebAPI_Task1.Models.EmployeeDto, SampleWebAPI_Task1, Version=1.0.0.0, Culture=neutral, PublicKeyToken=null]]'.
2024-12-20 15:22:05.873 +05:30  INF  Executed action SampleWebAPI_Task1.Controllers.EmployeeController.GetAllEmployee (SampleWebAPI_Task1) in 0.814ms
2024-12-20 15:22:05.873 +05:30  INF  Executed endpoint 'SampleWebAPI_Task1.Controllers.EmployeeController.GetAllEmployee (SampleWebAPI_Task1)'
2024-12-20 15:22:05.873 +05:30  INF  Request finished HTTP/1.1 GET http://localhost:5002/api/Employee/GetAllEmployee - 200 null application/json; charset=utf-8 1.0809ms
